12-Oct-2018 10:19:49.706 INFOS [main] org.apache.catalina.startup.VersionLoggerListener.log Server version:        Apache Tomcat/8.5.34
12-Oct-2018 10:19:49.736 INFOS [main] org.apache.catalina.startup.VersionLoggerListener.log Server built:          Sep 4 2018 22:28:22 UTC
12-Oct-2018 10:19:49.736 INFOS [main] org.apache.catalina.startup.VersionLoggerListener.log Server number:         8.5.34.0
12-Oct-2018 10:19:49.736 INFOS [main] org.apache.catalina.startup.VersionLoggerListener.log OS Name:               Linux
12-Oct-2018 10:19:49.736 INFOS [main] org.apache.catalina.startup.VersionLoggerListener.log OS Version:            4.9.0-8-amd64
12-Oct-2018 10:19:49.736 INFOS [main] org.apache.catalina.startup.VersionLoggerListener.log Architecture:          amd64
12-Oct-2018 10:19:49.736 INFOS [main] org.apache.catalina.startup.VersionLoggerListener.log Java Home:             /usr/lib/jvm/oracle-java8-jdk-amd64/jre
12-Oct-2018 10:19:49.737 INFOS [main] org.apache.catalina.startup.VersionLoggerListener.log JVM Version:           1.8.0_162-b12
12-Oct-2018 10:19:49.737 INFOS [main] org.apache.catalina.startup.VersionLoggerListener.log JVM Vendor:            Oracle Corporation
12-Oct-2018 10:19:49.737 INFOS [main] org.apache.catalina.startup.VersionLoggerListener.log CATALINA_BASE:         /autofs/netapp/travail/faudoy/Lescours/Master/S9/ProgWeb/TD4/apache-tomcat-8.5.34
12-Oct-2018 10:19:49.737 INFOS [main] org.apache.catalina.startup.VersionLoggerListener.log CATALINA_HOME:         /autofs/netapp/travail/faudoy/Lescours/Master/S9/ProgWeb/TD4/apache-tomcat-8.5.34
12-Oct-2018 10:19:49.737 INFOS [main] org.apache.catalina.startup.VersionLoggerListener.log Command line argument: -Djava.util.logging.config.file=/net/cremi/faudoy/espaces/travail/Lescours/Master/S9/ProgWeb/TD4/apache-tomcat-8.5.34/conf/logging.properties
12-Oct-2018 10:19:49.737 INFOS [main] org.apache.catalina.startup.VersionLoggerListener.log Command line argument: -Djava.util.logging.manager=org.apache.juli.ClassLoaderLogManager
12-Oct-2018 10:19:49.737 INFOS [main] org.apache.catalina.startup.VersionLoggerListener.log Command line argument: -Djdk.tls.ephemeralDHKeySize=2048
12-Oct-2018 10:19:49.737 INFOS [main] org.apache.catalina.startup.VersionLoggerListener.log Command line argument: -Djava.protocol.handler.pkgs=org.apache.catalina.webresources
12-Oct-2018 10:19:49.738 INFOS [main] org.apache.catalina.startup.VersionLoggerListener.log Command line argument: -Dorg.apache.catalina.security.SecurityListener.UMASK=0027
12-Oct-2018 10:19:49.738 INFOS [main] org.apache.catalina.startup.VersionLoggerListener.log Command line argument: -Dignore.endorsed.dirs=
12-Oct-2018 10:19:49.738 INFOS [main] org.apache.catalina.startup.VersionLoggerListener.log Command line argument: -Dcatalina.base=/net/cremi/faudoy/espaces/travail/Lescours/Master/S9/ProgWeb/TD4/apache-tomcat-8.5.34
12-Oct-2018 10:19:49.738 INFOS [main] org.apache.catalina.startup.VersionLoggerListener.log Command line argument: -Dcatalina.home=/net/cremi/faudoy/espaces/travail/Lescours/Master/S9/ProgWeb/TD4/apache-tomcat-8.5.34
12-Oct-2018 10:19:49.738 INFOS [main] org.apache.catalina.startup.VersionLoggerListener.log Command line argument: -Djava.io.tmpdir=/net/cremi/faudoy/espaces/travail/Lescours/Master/S9/ProgWeb/TD4/apache-tomcat-8.5.34/temp
12-Oct-2018 10:19:49.738 INFOS [main] org.apache.catalina.core.AprLifecycleListener.lifecycleEvent The APR based Apache Tomcat Native library which allows optimal performance in production environments was not found on the java.library.path: [/usr/java/packages/lib/amd64:/usr/lib64:/lib64:/lib:/usr/lib]
12-Oct-2018 10:19:50.266 INFOS [main] org.apache.coyote.AbstractProtocol.init Initializing ProtocolHandler ["http-nio-8080"]
12-Oct-2018 10:19:50.317 INFOS [main] org.apache.tomcat.util.net.NioSelectorPool.getSharedSelector Using a shared selector for servlet write/read
12-Oct-2018 10:19:50.328 INFOS [main] org.apache.coyote.AbstractProtocol.init Initializing ProtocolHandler ["ajp-nio-8009"]
12-Oct-2018 10:19:50.329 INFOS [main] org.apache.tomcat.util.net.NioSelectorPool.getSharedSelector Using a shared selector for servlet write/read
12-Oct-2018 10:19:50.330 INFOS [main] org.apache.catalina.startup.Catalina.load Initialization processed in 1881 ms
12-Oct-2018 10:19:50.388 INFOS [main] org.apache.catalina.core.StandardService.startInternal Démarrage du service [Catalina]
12-Oct-2018 10:19:50.388 INFOS [main] org.apache.catalina.core.StandardEngine.startInternal Starting Servlet Engine: Apache Tomcat/8.5.34
12-Oct-2018 10:19:50.488 INFOS [localhost-startStop-1] org.apache.catalina.startup.HostConfig.deployDirectory Déploiement du répertoire [/autofs/netapp/travail/faudoy/Lescours/Master/S9/ProgWeb/TD4/apache-tomcat-8.5.34/webapps/ROOT] de l'application web
12-Oct-2018 10:19:51.157 INFOS [localhost-startStop-1] org.apache.catalina.startup.HostConfig.deployDirectory Deployment of web application directory [/autofs/netapp/travail/faudoy/Lescours/Master/S9/ProgWeb/TD4/apache-tomcat-8.5.34/webapps/ROOT] has finished in [666] ms
12-Oct-2018 10:19:51.158 INFOS [localhost-startStop-1] org.apache.catalina.startup.HostConfig.deployDirectory Déploiement du répertoire [/autofs/netapp/travail/faudoy/Lescours/Master/S9/ProgWeb/TD4/apache-tomcat-8.5.34/webapps/docs] de l'application web
12-Oct-2018 10:19:51.237 INFOS [localhost-startStop-1] org.apache.catalina.startup.HostConfig.deployDirectory Deployment of web application directory [/autofs/netapp/travail/faudoy/Lescours/Master/S9/ProgWeb/TD4/apache-tomcat-8.5.34/webapps/docs] has finished in [79] ms
12-Oct-2018 10:19:51.237 INFOS [localhost-startStop-1] org.apache.catalina.startup.HostConfig.deployDirectory Déploiement du répertoire [/autofs/netapp/travail/faudoy/Lescours/Master/S9/ProgWeb/TD4/apache-tomcat-8.5.34/webapps/examples] de l'application web
12-Oct-2018 10:19:52.940 INFOS [localhost-startStop-1] org.apache.catalina.startup.HostConfig.deployDirectory Deployment of web application directory [/autofs/netapp/travail/faudoy/Lescours/Master/S9/ProgWeb/TD4/apache-tomcat-8.5.34/webapps/examples] has finished in [1 703] ms
12-Oct-2018 10:19:52.941 INFOS [localhost-startStop-1] org.apache.catalina.startup.HostConfig.deployDirectory Déploiement du répertoire [/autofs/netapp/travail/faudoy/Lescours/Master/S9/ProgWeb/TD4/apache-tomcat-8.5.34/webapps/host-manager] de l'application web
12-Oct-2018 10:19:53.046 INFOS [localhost-startStop-1] org.apache.catalina.startup.HostConfig.deployDirectory Deployment of web application directory [/autofs/netapp/travail/faudoy/Lescours/Master/S9/ProgWeb/TD4/apache-tomcat-8.5.34/webapps/host-manager] has finished in [105] ms
12-Oct-2018 10:19:53.047 INFOS [localhost-startStop-1] org.apache.catalina.startup.HostConfig.deployDirectory Déploiement du répertoire [/autofs/netapp/travail/faudoy/Lescours/Master/S9/ProgWeb/TD4/apache-tomcat-8.5.34/webapps/manager] de l'application web
12-Oct-2018 10:19:53.194 INFOS [localhost-startStop-1] org.apache.catalina.startup.HostConfig.deployDirectory Deployment of web application directory [/autofs/netapp/travail/faudoy/Lescours/Master/S9/ProgWeb/TD4/apache-tomcat-8.5.34/webapps/manager] has finished in [147] ms
12-Oct-2018 10:19:53.194 INFOS [localhost-startStop-1] org.apache.catalina.startup.HostConfig.deployDirectory Déploiement du répertoire [/autofs/netapp/travail/faudoy/Lescours/Master/S9/ProgWeb/TD4/apache-tomcat-8.5.34/webapps/bin] de l'application web
12-Oct-2018 10:19:53.267 INFOS [localhost-startStop-1] org.apache.catalina.startup.HostConfig.deployDirectory Deployment of web application directory [/autofs/netapp/travail/faudoy/Lescours/Master/S9/ProgWeb/TD4/apache-tomcat-8.5.34/webapps/bin] has finished in [73] ms
12-Oct-2018 10:19:53.267 INFOS [localhost-startStop-1] org.apache.catalina.startup.HostConfig.deployDirectory Déploiement du répertoire [/autofs/netapp/travail/faudoy/Lescours/Master/S9/ProgWeb/TD4/apache-tomcat-8.5.34/webapps/hello] de l'application web
12-Oct-2018 10:19:53.379 INFOS [localhost-startStop-1] org.apache.catalina.startup.HostConfig.deployDirectory Deployment of web application directory [/autofs/netapp/travail/faudoy/Lescours/Master/S9/ProgWeb/TD4/apache-tomcat-8.5.34/webapps/hello] has finished in [112] ms
12-Oct-2018 10:19:53.379 INFOS [localhost-startStop-1] org.apache.catalina.startup.HostConfig.deployDirectory Déploiement du répertoire [/autofs/netapp/travail/faudoy/Lescours/Master/S9/ProgWeb/TD4/apache-tomcat-8.5.34/webapps/Redirection] de l'application web
12-Oct-2018 10:19:53.517 INFOS [localhost-startStop-1] org.apache.catalina.startup.HostConfig.deployDirectory Deployment of web application directory [/autofs/netapp/travail/faudoy/Lescours/Master/S9/ProgWeb/TD4/apache-tomcat-8.5.34/webapps/Redirection] has finished in [138] ms
12-Oct-2018 10:19:53.526 INFOS [main] org.apache.coyote.AbstractProtocol.start Starting ProtocolHandler ["http-nio-8080"]
12-Oct-2018 10:19:53.539 INFOS [main] org.apache.coyote.AbstractProtocol.start Starting ProtocolHandler ["ajp-nio-8009"]
12-Oct-2018 10:19:53.541 INFOS [main] org.apache.catalina.startup.Catalina.start Server startup in 3211 ms
12-Oct-2018 11:03:56.392 INFOS [ContainerBackgroundProcessor[StandardEngine[Catalina]]] org.apache.catalina.core.StandardContext.reload Le rechargement du contexte [/Redirection] a démarré
12-Oct-2018 11:03:56.482 INFOS [ContainerBackgroundProcessor[StandardEngine[Catalina]]] org.apache.catalina.core.StandardContext.reload Le rechargement de ce contexte est terminé
12-Oct-2018 11:07:06.691 INFOS [ContainerBackgroundProcessor[StandardEngine[Catalina]]] org.apache.catalina.core.StandardContext.reload Le rechargement du contexte [/Redirection] a démarré
12-Oct-2018 11:07:06.748 INFOS [ContainerBackgroundProcessor[StandardEngine[Catalina]]] org.apache.catalina.core.StandardContext.reload Le rechargement de ce contexte est terminé
12-Oct-2018 11:07:36.780 INFOS [ContainerBackgroundProcessor[StandardEngine[Catalina]]] org.apache.catalina.core.StandardContext.reload Le rechargement du contexte [/Redirection] a démarré
12-Oct-2018 11:07:36.807 INFOS [ContainerBackgroundProcessor[StandardEngine[Catalina]]] org.apache.catalina.core.StandardContext.reload Le rechargement de ce contexte est terminé
12-Oct-2018 11:15:47.357 INFOS [ContainerBackgroundProcessor[StandardEngine[Catalina]]] org.apache.catalina.core.StandardContext.reload Le rechargement du contexte [/Redirection] a démarré
12-Oct-2018 11:15:47.403 INFOS [ContainerBackgroundProcessor[StandardEngine[Catalina]]] org.apache.catalina.core.StandardContext.reload Le rechargement de ce contexte est terminé
12-Oct-2018 11:17:47.533 INFOS [ContainerBackgroundProcessor[StandardEngine[Catalina]]] org.apache.catalina.core.StandardContext.reload Le rechargement du contexte [/Redirection] a démarré
12-Oct-2018 11:17:47.566 INFOS [ContainerBackgroundProcessor[StandardEngine[Catalina]]] org.apache.catalina.core.StandardContext.reload Le rechargement de ce contexte est terminé
12-Oct-2018 11:18:27.611 INFOS [ContainerBackgroundProcessor[StandardEngine[Catalina]]] org.apache.catalina.core.StandardContext.reload Le rechargement du contexte [/Redirection] a démarré
12-Oct-2018 11:18:27.639 INFOS [ContainerBackgroundProcessor[StandardEngine[Catalina]]] org.apache.catalina.core.StandardContext.reload Le rechargement de ce contexte est terminé
12-Oct-2018 11:19:27.705 INFOS [ContainerBackgroundProcessor[StandardEngine[Catalina]]] org.apache.catalina.core.StandardContext.reload Le rechargement du contexte [/Redirection] a démarré
12-Oct-2018 11:19:27.738 INFOS [ContainerBackgroundProcessor[StandardEngine[Catalina]]] org.apache.catalina.core.StandardContext.reload Le rechargement de ce contexte est terminé
12-Oct-2018 11:20:27.802 INFOS [ContainerBackgroundProcessor[StandardEngine[Catalina]]] org.apache.catalina.core.StandardContext.reload Le rechargement du contexte [/Redirection] a démarré
12-Oct-2018 11:20:27.838 INFOS [ContainerBackgroundProcessor[StandardEngine[Catalina]]] org.apache.catalina.core.StandardContext.reload Le rechargement de ce contexte est terminé
12-Oct-2018 11:25:38.174 INFOS [ContainerBackgroundProcessor[StandardEngine[Catalina]]] org.apache.catalina.core.StandardContext.reload Le rechargement du contexte [/Redirection] a démarré
12-Oct-2018 11:25:38.208 INFOS [ContainerBackgroundProcessor[StandardEngine[Catalina]]] org.apache.catalina.core.StandardContext.reload Le rechargement de ce contexte est terminé
12-Oct-2018 11:27:58.357 INFOS [ContainerBackgroundProcessor[StandardEngine[Catalina]]] org.apache.catalina.core.StandardContext.reload Le rechargement du contexte [/Redirection] a démarré
12-Oct-2018 11:27:58.404 INFOS [ContainerBackgroundProcessor[StandardEngine[Catalina]]] org.apache.catalina.core.StandardContext.reload Le rechargement de ce contexte est terminé
12-Oct-2018 11:29:08.475 INFOS [ContainerBackgroundProcessor[StandardEngine[Catalina]]] org.apache.catalina.core.StandardContext.reload Le rechargement du contexte [/Redirection] a démarré
12-Oct-2018 11:29:08.525 INFOS [ContainerBackgroundProcessor[StandardEngine[Catalina]]] org.apache.catalina.core.StandardContext.reload Le rechargement de ce contexte est terminé
12-Oct-2018 11:30:08.594 INFOS [ContainerBackgroundProcessor[StandardEngine[Catalina]]] org.apache.catalina.core.StandardContext.reload Le rechargement du contexte [/Redirection] a démarré
12-Oct-2018 11:30:08.642 INFOS [ContainerBackgroundProcessor[StandardEngine[Catalina]]] org.apache.catalina.core.StandardContext.reload Le rechargement de ce contexte est terminé
12-Oct-2018 11:58:40.372 INFOS [ContainerBackgroundProcessor[StandardEngine[Catalina]]] org.apache.catalina.core.StandardContext.reload Le rechargement du contexte [/Redirection] a démarré
12-Oct-2018 11:58:40.425 INFOS [ContainerBackgroundProcessor[StandardEngine[Catalina]]] org.apache.catalina.core.StandardContext.reload Le rechargement de ce contexte est terminé
12-Oct-2018 20:21:19.331 INFOS [Thread-5] org.apache.coyote.AbstractProtocol.pause Pausing ProtocolHandler ["http-nio-8080"]
12-Oct-2018 20:21:20.118 INFOS [Thread-5] org.apache.coyote.AbstractProtocol.pause Pausing ProtocolHandler ["ajp-nio-8009"]
12-Oct-2018 20:21:20.169 INFOS [Thread-5] org.apache.catalina.core.StandardService.stopInternal Arrêt du service [Catalina]
12-Oct-2018 20:21:20.233 INFOS [Thread-5] org.apache.coyote.AbstractProtocol.stop Stopping ProtocolHandler ["http-nio-8080"]
12-Oct-2018 20:21:20.235 INFOS [Thread-5] org.apache.coyote.AbstractProtocol.stop Stopping ProtocolHandler ["ajp-nio-8009"]
12-Oct-2018 20:21:20.238 INFOS [Thread-5] org.apache.coyote.AbstractProtocol.destroy Destroying ProtocolHandler ["http-nio-8080"]
12-Oct-2018 20:21:20.238 INFOS [Thread-5] org.apache.coyote.AbstractProtocol.destroy Destroying ProtocolHandler ["ajp-nio-8009"]
