16-Oct-2018 19:10:34.154 INFOS [main] org.apache.catalina.startup.VersionLoggerListener.log Server version:        Apache Tomcat/8.5.34
16-Oct-2018 19:10:34.156 INFOS [main] org.apache.catalina.startup.VersionLoggerListener.log Server built:          Sep 4 2018 22:28:22 UTC
16-Oct-2018 19:10:34.156 INFOS [main] org.apache.catalina.startup.VersionLoggerListener.log Server number:         8.5.34.0
16-Oct-2018 19:10:34.156 INFOS [main] org.apache.catalina.startup.VersionLoggerListener.log OS Name:               Linux
16-Oct-2018 19:10:34.156 INFOS [main] org.apache.catalina.startup.VersionLoggerListener.log OS Version:            4.9.0-8-amd64
16-Oct-2018 19:10:34.156 INFOS [main] org.apache.catalina.startup.VersionLoggerListener.log Architecture:          amd64
16-Oct-2018 19:10:34.156 INFOS [main] org.apache.catalina.startup.VersionLoggerListener.log Java Home:             /usr/lib/jvm/oracle-java8-jdk-amd64/jre
16-Oct-2018 19:10:34.156 INFOS [main] org.apache.catalina.startup.VersionLoggerListener.log JVM Version:           1.8.0_162-b12
16-Oct-2018 19:10:34.156 INFOS [main] org.apache.catalina.startup.VersionLoggerListener.log JVM Vendor:            Oracle Corporation
16-Oct-2018 19:10:34.156 INFOS [main] org.apache.catalina.startup.VersionLoggerListener.log CATALINA_BASE:         /autofs/netapp/travail/faudoy/Lescours/Master/S9/ProgWeb/TD4/apache-tomcat-8.5.34
16-Oct-2018 19:10:34.156 INFOS [main] org.apache.catalina.startup.VersionLoggerListener.log CATALINA_HOME:         /autofs/netapp/travail/faudoy/Lescours/Master/S9/ProgWeb/TD4/apache-tomcat-8.5.34
16-Oct-2018 19:10:34.156 INFOS [main] org.apache.catalina.startup.VersionLoggerListener.log Command line argument: -Djava.util.logging.config.file=/net/cremi/faudoy/espaces/travail/Lescours/Master/S9/ProgWeb/TD4/apache-tomcat-8.5.34/conf/logging.properties
16-Oct-2018 19:10:34.156 INFOS [main] org.apache.catalina.startup.VersionLoggerListener.log Command line argument: -Djava.util.logging.manager=org.apache.juli.ClassLoaderLogManager
16-Oct-2018 19:10:34.156 INFOS [main] org.apache.catalina.startup.VersionLoggerListener.log Command line argument: -Djdk.tls.ephemeralDHKeySize=2048
16-Oct-2018 19:10:34.156 INFOS [main] org.apache.catalina.startup.VersionLoggerListener.log Command line argument: -Djava.protocol.handler.pkgs=org.apache.catalina.webresources
16-Oct-2018 19:10:34.157 INFOS [main] org.apache.catalina.startup.VersionLoggerListener.log Command line argument: -Dorg.apache.catalina.security.SecurityListener.UMASK=0027
16-Oct-2018 19:10:34.157 INFOS [main] org.apache.catalina.startup.VersionLoggerListener.log Command line argument: -Dignore.endorsed.dirs=
16-Oct-2018 19:10:34.157 INFOS [main] org.apache.catalina.startup.VersionLoggerListener.log Command line argument: -Dcatalina.base=/net/cremi/faudoy/espaces/travail/Lescours/Master/S9/ProgWeb/TD4/apache-tomcat-8.5.34
16-Oct-2018 19:10:34.157 INFOS [main] org.apache.catalina.startup.VersionLoggerListener.log Command line argument: -Dcatalina.home=/net/cremi/faudoy/espaces/travail/Lescours/Master/S9/ProgWeb/TD4/apache-tomcat-8.5.34
16-Oct-2018 19:10:34.157 INFOS [main] org.apache.catalina.startup.VersionLoggerListener.log Command line argument: -Djava.io.tmpdir=/net/cremi/faudoy/espaces/travail/Lescours/Master/S9/ProgWeb/TD4/apache-tomcat-8.5.34/temp
16-Oct-2018 19:10:34.157 INFOS [main] org.apache.catalina.core.AprLifecycleListener.lifecycleEvent The APR based Apache Tomcat Native library which allows optimal performance in production environments was not found on the java.library.path: [/usr/java/packages/lib/amd64:/usr/lib64:/lib64:/lib:/usr/lib]
16-Oct-2018 19:10:34.303 INFOS [main] org.apache.coyote.AbstractProtocol.init Initializing ProtocolHandler ["http-nio-8080"]
16-Oct-2018 19:10:34.319 INFOS [main] org.apache.tomcat.util.net.NioSelectorPool.getSharedSelector Using a shared selector for servlet write/read
16-Oct-2018 19:10:34.324 INFOS [main] org.apache.coyote.AbstractProtocol.init Initializing ProtocolHandler ["ajp-nio-8009"]
16-Oct-2018 19:10:34.324 INFOS [main] org.apache.tomcat.util.net.NioSelectorPool.getSharedSelector Using a shared selector for servlet write/read
16-Oct-2018 19:10:34.325 INFOS [main] org.apache.catalina.startup.Catalina.load Initialization processed in 486 ms
16-Oct-2018 19:10:34.358 INFOS [main] org.apache.catalina.core.StandardService.startInternal Démarrage du service [Catalina]
16-Oct-2018 19:10:34.358 INFOS [main] org.apache.catalina.core.StandardEngine.startInternal Starting Servlet Engine: Apache Tomcat/8.5.34
16-Oct-2018 19:10:34.364 INFOS [localhost-startStop-1] org.apache.catalina.startup.HostConfig.deployDirectory Déploiement du répertoire [/autofs/netapp/travail/faudoy/Lescours/Master/S9/ProgWeb/TD4/apache-tomcat-8.5.34/webapps/ROOT] de l'application web
16-Oct-2018 19:10:34.698 INFOS [localhost-startStop-1] org.apache.catalina.startup.HostConfig.deployDirectory Deployment of web application directory [/autofs/netapp/travail/faudoy/Lescours/Master/S9/ProgWeb/TD4/apache-tomcat-8.5.34/webapps/ROOT] has finished in [333] ms
16-Oct-2018 19:10:34.698 INFOS [localhost-startStop-1] org.apache.catalina.startup.HostConfig.deployDirectory Déploiement du répertoire [/autofs/netapp/travail/faudoy/Lescours/Master/S9/ProgWeb/TD4/apache-tomcat-8.5.34/webapps/docs] de l'application web
16-Oct-2018 19:10:34.720 INFOS [localhost-startStop-1] org.apache.catalina.startup.HostConfig.deployDirectory Deployment of web application directory [/autofs/netapp/travail/faudoy/Lescours/Master/S9/ProgWeb/TD4/apache-tomcat-8.5.34/webapps/docs] has finished in [21] ms
16-Oct-2018 19:10:34.720 INFOS [localhost-startStop-1] org.apache.catalina.startup.HostConfig.deployDirectory Déploiement du répertoire [/autofs/netapp/travail/faudoy/Lescours/Master/S9/ProgWeb/TD4/apache-tomcat-8.5.34/webapps/examples] de l'application web
16-Oct-2018 19:10:36.080 INFOS [localhost-startStop-1] org.apache.catalina.startup.HostConfig.deployDirectory Deployment of web application directory [/autofs/netapp/travail/faudoy/Lescours/Master/S9/ProgWeb/TD4/apache-tomcat-8.5.34/webapps/examples] has finished in [1 360] ms
16-Oct-2018 19:10:36.080 INFOS [localhost-startStop-1] org.apache.catalina.startup.HostConfig.deployDirectory Déploiement du répertoire [/autofs/netapp/travail/faudoy/Lescours/Master/S9/ProgWeb/TD4/apache-tomcat-8.5.34/webapps/host-manager] de l'application web
16-Oct-2018 19:10:36.107 INFOS [localhost-startStop-1] org.apache.catalina.startup.HostConfig.deployDirectory Deployment of web application directory [/autofs/netapp/travail/faudoy/Lescours/Master/S9/ProgWeb/TD4/apache-tomcat-8.5.34/webapps/host-manager] has finished in [27] ms
16-Oct-2018 19:10:36.107 INFOS [localhost-startStop-1] org.apache.catalina.startup.HostConfig.deployDirectory Déploiement du répertoire [/autofs/netapp/travail/faudoy/Lescours/Master/S9/ProgWeb/TD4/apache-tomcat-8.5.34/webapps/manager] de l'application web
16-Oct-2018 19:10:36.152 INFOS [localhost-startStop-1] org.apache.catalina.startup.HostConfig.deployDirectory Deployment of web application directory [/autofs/netapp/travail/faudoy/Lescours/Master/S9/ProgWeb/TD4/apache-tomcat-8.5.34/webapps/manager] has finished in [45] ms
16-Oct-2018 19:10:36.152 INFOS [localhost-startStop-1] org.apache.catalina.startup.HostConfig.deployDirectory Déploiement du répertoire [/autofs/netapp/travail/faudoy/Lescours/Master/S9/ProgWeb/TD4/apache-tomcat-8.5.34/webapps/bin] de l'application web
16-Oct-2018 19:10:36.166 INFOS [localhost-startStop-1] org.apache.catalina.startup.HostConfig.deployDirectory Deployment of web application directory [/autofs/netapp/travail/faudoy/Lescours/Master/S9/ProgWeb/TD4/apache-tomcat-8.5.34/webapps/bin] has finished in [13] ms
16-Oct-2018 19:10:36.166 INFOS [localhost-startStop-1] org.apache.catalina.startup.HostConfig.deployDirectory Déploiement du répertoire [/autofs/netapp/travail/faudoy/Lescours/Master/S9/ProgWeb/TD4/apache-tomcat-8.5.34/webapps/hello] de l'application web
16-Oct-2018 19:10:36.200 INFOS [localhost-startStop-1] org.apache.catalina.startup.HostConfig.deployDirectory Deployment of web application directory [/autofs/netapp/travail/faudoy/Lescours/Master/S9/ProgWeb/TD4/apache-tomcat-8.5.34/webapps/hello] has finished in [33] ms
16-Oct-2018 19:10:36.200 INFOS [localhost-startStop-1] org.apache.catalina.startup.HostConfig.deployDirectory Déploiement du répertoire [/autofs/netapp/travail/faudoy/Lescours/Master/S9/ProgWeb/TD4/apache-tomcat-8.5.34/webapps/Redirection] de l'application web
16-Oct-2018 19:10:36.268 INFOS [localhost-startStop-1] org.apache.catalina.startup.HostConfig.deployDirectory Deployment of web application directory [/autofs/netapp/travail/faudoy/Lescours/Master/S9/ProgWeb/TD4/apache-tomcat-8.5.34/webapps/Redirection] has finished in [68] ms
16-Oct-2018 19:10:36.271 INFOS [main] org.apache.coyote.AbstractProtocol.start Starting ProtocolHandler ["http-nio-8080"]
16-Oct-2018 19:10:36.279 INFOS [main] org.apache.coyote.AbstractProtocol.start Starting ProtocolHandler ["ajp-nio-8009"]
16-Oct-2018 19:10:36.281 INFOS [main] org.apache.catalina.startup.Catalina.start Server startup in 1955 ms
16-Oct-2018 19:13:19.004 INFOS [main] org.apache.catalina.startup.VersionLoggerListener.log Server version:        Apache Tomcat/8.5.34
16-Oct-2018 19:13:19.006 INFOS [main] org.apache.catalina.startup.VersionLoggerListener.log Server built:          Sep 4 2018 22:28:22 UTC
16-Oct-2018 19:13:19.006 INFOS [main] org.apache.catalina.startup.VersionLoggerListener.log Server number:         8.5.34.0
16-Oct-2018 19:13:19.006 INFOS [main] org.apache.catalina.startup.VersionLoggerListener.log OS Name:               Linux
16-Oct-2018 19:13:19.006 INFOS [main] org.apache.catalina.startup.VersionLoggerListener.log OS Version:            4.9.0-8-amd64
16-Oct-2018 19:13:19.006 INFOS [main] org.apache.catalina.startup.VersionLoggerListener.log Architecture:          amd64
16-Oct-2018 19:13:19.006 INFOS [main] org.apache.catalina.startup.VersionLoggerListener.log Java Home:             /usr/lib/jvm/oracle-java8-jdk-amd64/jre
16-Oct-2018 19:13:19.006 INFOS [main] org.apache.catalina.startup.VersionLoggerListener.log JVM Version:           1.8.0_162-b12
16-Oct-2018 19:13:19.006 INFOS [main] org.apache.catalina.startup.VersionLoggerListener.log JVM Vendor:            Oracle Corporation
16-Oct-2018 19:13:19.006 INFOS [main] org.apache.catalina.startup.VersionLoggerListener.log CATALINA_BASE:         /autofs/netapp/travail/faudoy/Lescours/Master/S9/ProgWeb/TD4/apache-tomcat-8.5.34
16-Oct-2018 19:13:19.006 INFOS [main] org.apache.catalina.startup.VersionLoggerListener.log CATALINA_HOME:         /autofs/netapp/travail/faudoy/Lescours/Master/S9/ProgWeb/TD4/apache-tomcat-8.5.34
16-Oct-2018 19:13:19.006 INFOS [main] org.apache.catalina.startup.VersionLoggerListener.log Command line argument: -Djava.util.logging.config.file=/net/cremi/faudoy/espaces/travail/Lescours/Master/S9/ProgWeb/TD4/apache-tomcat-8.5.34/conf/logging.properties
16-Oct-2018 19:13:19.006 INFOS [main] org.apache.catalina.startup.VersionLoggerListener.log Command line argument: -Djava.util.logging.manager=org.apache.juli.ClassLoaderLogManager
16-Oct-2018 19:13:19.006 INFOS [main] org.apache.catalina.startup.VersionLoggerListener.log Command line argument: -Djdk.tls.ephemeralDHKeySize=2048
16-Oct-2018 19:13:19.007 INFOS [main] org.apache.catalina.startup.VersionLoggerListener.log Command line argument: -Djava.protocol.handler.pkgs=org.apache.catalina.webresources
16-Oct-2018 19:13:19.007 INFOS [main] org.apache.catalina.startup.VersionLoggerListener.log Command line argument: -Dorg.apache.catalina.security.SecurityListener.UMASK=0027
16-Oct-2018 19:13:19.007 INFOS [main] org.apache.catalina.startup.VersionLoggerListener.log Command line argument: -Dignore.endorsed.dirs=
16-Oct-2018 19:13:19.007 INFOS [main] org.apache.catalina.startup.VersionLoggerListener.log Command line argument: -Dcatalina.base=/net/cremi/faudoy/espaces/travail/Lescours/Master/S9/ProgWeb/TD4/apache-tomcat-8.5.34
16-Oct-2018 19:13:19.007 INFOS [main] org.apache.catalina.startup.VersionLoggerListener.log Command line argument: -Dcatalina.home=/net/cremi/faudoy/espaces/travail/Lescours/Master/S9/ProgWeb/TD4/apache-tomcat-8.5.34
16-Oct-2018 19:13:19.007 INFOS [main] org.apache.catalina.startup.VersionLoggerListener.log Command line argument: -Djava.io.tmpdir=/net/cremi/faudoy/espaces/travail/Lescours/Master/S9/ProgWeb/TD4/apache-tomcat-8.5.34/temp
16-Oct-2018 19:13:19.007 INFOS [main] org.apache.catalina.core.AprLifecycleListener.lifecycleEvent The APR based Apache Tomcat Native library which allows optimal performance in production environments was not found on the java.library.path: [/usr/java/packages/lib/amd64:/usr/lib64:/lib64:/lib:/usr/lib]
16-Oct-2018 19:13:19.092 INFOS [main] org.apache.coyote.AbstractProtocol.init Initializing ProtocolHandler ["http-nio-8080"]
16-Oct-2018 19:13:19.097 GRAVE [main] org.apache.catalina.core.StandardService.initInternal Failed to initialize connector [Connector[HTTP/1.1-8080]]
 org.apache.catalina.LifecycleException: Failed to initialize component [Connector[HTTP/1.1-8080]]
	at org.apache.catalina.util.LifecycleBase.init(LifecycleBase.java:112)
	at org.apache.catalina.core.StandardService.initInternal(StandardService.java:552)
	at org.apache.catalina.util.LifecycleBase.init(LifecycleBase.java:107)
	at org.apache.catalina.core.StandardServer.initInternal(StandardServer.java:875)
	at org.apache.catalina.util.LifecycleBase.init(LifecycleBase.java:107)
	at org.apache.catalina.startup.Catalina.load(Catalina.java:632)
	at org.apache.catalina.startup.Catalina.load(Catalina.java:655)
	at sun.reflect.NativeMethodAccessorImpl.invoke0(Native Method)
	at sun.reflect.NativeMethodAccessorImpl.invoke(NativeMethodAccessorImpl.java:62)
	at sun.reflect.DelegatingMethodAccessorImpl.invoke(DelegatingMethodAccessorImpl.java:43)
	at java.lang.reflect.Method.invoke(Method.java:498)
	at org.apache.catalina.startup.Bootstrap.load(Bootstrap.java:309)
	at org.apache.catalina.startup.Bootstrap.main(Bootstrap.java:492)
Caused by: org.apache.catalina.LifecycleException: L''initialisation du gestionnaire de protocole a échoué
	at org.apache.catalina.connector.Connector.initInternal(Connector.java:995)
	at org.apache.catalina.util.LifecycleBase.init(LifecycleBase.java:107)
	... 12 more
Caused by: java.net.BindException: Adresse déjà utilisée
	at sun.nio.ch.Net.bind0(Native Method)
	at sun.nio.ch.Net.bind(Net.java:433)
	at sun.nio.ch.Net.bind(Net.java:425)
	at sun.nio.ch.ServerSocketChannelImpl.bind(ServerSocketChannelImpl.java:223)
	at sun.nio.ch.ServerSocketAdaptor.bind(ServerSocketAdaptor.java:74)
	at org.apache.tomcat.util.net.NioEndpoint.bind(NioEndpoint.java:219)
	at org.apache.tomcat.util.net.AbstractEndpoint.init(AbstractEndpoint.java:1087)
	at org.apache.tomcat.util.net.AbstractJsseEndpoint.init(AbstractJsseEndpoint.java:265)
	at org.apache.coyote.AbstractProtocol.init(AbstractProtocol.java:581)
	at org.apache.coyote.http11.AbstractHttp11Protocol.init(AbstractHttp11Protocol.java:68)
	at org.apache.catalina.connector.Connector.initInternal(Connector.java:993)
	... 13 more

16-Oct-2018 19:13:19.098 INFOS [main] org.apache.coyote.AbstractProtocol.init Initializing ProtocolHandler ["ajp-nio-8009"]
16-Oct-2018 19:13:19.099 GRAVE [main] org.apache.catalina.core.StandardService.initInternal Failed to initialize connector [Connector[AJP/1.3-8009]]
 org.apache.catalina.LifecycleException: Failed to initialize component [Connector[AJP/1.3-8009]]
	at org.apache.catalina.util.LifecycleBase.init(LifecycleBase.java:112)
	at org.apache.catalina.core.StandardService.initInternal(StandardService.java:552)
	at org.apache.catalina.util.LifecycleBase.init(LifecycleBase.java:107)
	at org.apache.catalina.core.StandardServer.initInternal(StandardServer.java:875)
	at org.apache.catalina.util.LifecycleBase.init(LifecycleBase.java:107)
	at org.apache.catalina.startup.Catalina.load(Catalina.java:632)
	at org.apache.catalina.startup.Catalina.load(Catalina.java:655)
	at sun.reflect.NativeMethodAccessorImpl.invoke0(Native Method)
	at sun.reflect.NativeMethodAccessorImpl.invoke(NativeMethodAccessorImpl.java:62)
	at sun.reflect.DelegatingMethodAccessorImpl.invoke(DelegatingMethodAccessorImpl.java:43)
	at java.lang.reflect.Method.invoke(Method.java:498)
	at org.apache.catalina.startup.Bootstrap.load(Bootstrap.java:309)
	at org.apache.catalina.startup.Bootstrap.main(Bootstrap.java:492)
Caused by: org.apache.catalina.LifecycleException: L''initialisation du gestionnaire de protocole a échoué
	at org.apache.catalina.connector.Connector.initInternal(Connector.java:995)
	at org.apache.catalina.util.LifecycleBase.init(LifecycleBase.java:107)
	... 12 more
Caused by: java.net.BindException: Adresse déjà utilisée
	at sun.nio.ch.Net.bind0(Native Method)
	at sun.nio.ch.Net.bind(Net.java:433)
	at sun.nio.ch.Net.bind(Net.java:425)
	at sun.nio.ch.ServerSocketChannelImpl.bind(ServerSocketChannelImpl.java:223)
	at sun.nio.ch.ServerSocketAdaptor.bind(ServerSocketAdaptor.java:74)
	at org.apache.tomcat.util.net.NioEndpoint.bind(NioEndpoint.java:219)
	at org.apache.tomcat.util.net.AbstractEndpoint.init(AbstractEndpoint.java:1087)
	at org.apache.tomcat.util.net.AbstractJsseEndpoint.init(AbstractJsseEndpoint.java:265)
	at org.apache.coyote.AbstractProtocol.init(AbstractProtocol.java:581)
	at org.apache.catalina.connector.Connector.initInternal(Connector.java:993)
	... 13 more

16-Oct-2018 19:13:19.100 INFOS [main] org.apache.catalina.startup.Catalina.load Initialization processed in 322 ms
16-Oct-2018 19:13:19.117 INFOS [main] org.apache.catalina.core.StandardService.startInternal Démarrage du service [Catalina]
16-Oct-2018 19:13:19.117 INFOS [main] org.apache.catalina.core.StandardEngine.startInternal Starting Servlet Engine: Apache Tomcat/8.5.34
16-Oct-2018 19:13:19.123 INFOS [localhost-startStop-1] org.apache.catalina.startup.HostConfig.deployDirectory Déploiement du répertoire [/autofs/netapp/travail/faudoy/Lescours/Master/S9/ProgWeb/TD4/apache-tomcat-8.5.34/webapps/ROOT] de l'application web
16-Oct-2018 19:13:19.289 INFOS [localhost-startStop-1] org.apache.catalina.startup.HostConfig.deployDirectory Deployment of web application directory [/autofs/netapp/travail/faudoy/Lescours/Master/S9/ProgWeb/TD4/apache-tomcat-8.5.34/webapps/ROOT] has finished in [165] ms
16-Oct-2018 19:13:19.289 INFOS [localhost-startStop-1] org.apache.catalina.startup.HostConfig.deployDirectory Déploiement du répertoire [/autofs/netapp/travail/faudoy/Lescours/Master/S9/ProgWeb/TD4/apache-tomcat-8.5.34/webapps/docs] de l'application web
16-Oct-2018 19:13:19.301 INFOS [localhost-startStop-1] org.apache.catalina.startup.HostConfig.deployDirectory Deployment of web application directory [/autofs/netapp/travail/faudoy/Lescours/Master/S9/ProgWeb/TD4/apache-tomcat-8.5.34/webapps/docs] has finished in [12] ms
16-Oct-2018 19:13:19.301 INFOS [localhost-startStop-1] org.apache.catalina.startup.HostConfig.deployDirectory Déploiement du répertoire [/autofs/netapp/travail/faudoy/Lescours/Master/S9/ProgWeb/TD4/apache-tomcat-8.5.34/webapps/examples] de l'application web
16-Oct-2018 19:13:19.524 INFOS [localhost-startStop-1] org.apache.catalina.startup.HostConfig.deployDirectory Deployment of web application directory [/autofs/netapp/travail/faudoy/Lescours/Master/S9/ProgWeb/TD4/apache-tomcat-8.5.34/webapps/examples] has finished in [223] ms
16-Oct-2018 19:13:19.525 INFOS [localhost-startStop-1] org.apache.catalina.startup.HostConfig.deployDirectory Déploiement du répertoire [/autofs/netapp/travail/faudoy/Lescours/Master/S9/ProgWeb/TD4/apache-tomcat-8.5.34/webapps/host-manager] de l'application web
16-Oct-2018 19:13:19.542 INFOS [localhost-startStop-1] org.apache.catalina.startup.HostConfig.deployDirectory Deployment of web application directory [/autofs/netapp/travail/faudoy/Lescours/Master/S9/ProgWeb/TD4/apache-tomcat-8.5.34/webapps/host-manager] has finished in [17] ms
16-Oct-2018 19:13:19.542 INFOS [localhost-startStop-1] org.apache.catalina.startup.HostConfig.deployDirectory Déploiement du répertoire [/autofs/netapp/travail/faudoy/Lescours/Master/S9/ProgWeb/TD4/apache-tomcat-8.5.34/webapps/manager] de l'application web
16-Oct-2018 19:13:19.560 INFOS [localhost-startStop-1] org.apache.catalina.startup.HostConfig.deployDirectory Deployment of web application directory [/autofs/netapp/travail/faudoy/Lescours/Master/S9/ProgWeb/TD4/apache-tomcat-8.5.34/webapps/manager] has finished in [18] ms
16-Oct-2018 19:13:19.561 INFOS [localhost-startStop-1] org.apache.catalina.startup.HostConfig.deployDirectory Déploiement du répertoire [/autofs/netapp/travail/faudoy/Lescours/Master/S9/ProgWeb/TD4/apache-tomcat-8.5.34/webapps/bin] de l'application web
16-Oct-2018 19:13:19.575 INFOS [localhost-startStop-1] org.apache.catalina.startup.HostConfig.deployDirectory Deployment of web application directory [/autofs/netapp/travail/faudoy/Lescours/Master/S9/ProgWeb/TD4/apache-tomcat-8.5.34/webapps/bin] has finished in [15] ms
16-Oct-2018 19:13:19.575 INFOS [localhost-startStop-1] org.apache.catalina.startup.HostConfig.deployDirectory Déploiement du répertoire [/autofs/netapp/travail/faudoy/Lescours/Master/S9/ProgWeb/TD4/apache-tomcat-8.5.34/webapps/hello] de l'application web
16-Oct-2018 19:13:19.591 INFOS [localhost-startStop-1] org.apache.catalina.startup.HostConfig.deployDirectory Deployment of web application directory [/autofs/netapp/travail/faudoy/Lescours/Master/S9/ProgWeb/TD4/apache-tomcat-8.5.34/webapps/hello] has finished in [16] ms
16-Oct-2018 19:13:19.591 INFOS [localhost-startStop-1] org.apache.catalina.startup.HostConfig.deployDirectory Déploiement du répertoire [/autofs/netapp/travail/faudoy/Lescours/Master/S9/ProgWeb/TD4/apache-tomcat-8.5.34/webapps/Redirection] de l'application web
16-Oct-2018 19:13:19.605 INFOS [localhost-startStop-1] org.apache.catalina.startup.HostConfig.deployDirectory Deployment of web application directory [/autofs/netapp/travail/faudoy/Lescours/Master/S9/ProgWeb/TD4/apache-tomcat-8.5.34/webapps/Redirection] has finished in [14] ms
16-Oct-2018 19:13:19.607 INFOS [main] org.apache.catalina.startup.Catalina.start Server startup in 507 ms
16-Oct-2018 19:13:19.608 GRAVE [main] org.apache.catalina.core.StandardServer.await StandardServer.await: create[localhost:8005]: 
 java.net.BindException: Adresse déjà utilisée (Bind failed)
	at java.net.PlainSocketImpl.socketBind(Native Method)
	at java.net.AbstractPlainSocketImpl.bind(AbstractPlainSocketImpl.java:387)
	at java.net.ServerSocket.bind(ServerSocket.java:375)
	at java.net.ServerSocket.<init>(ServerSocket.java:237)
	at org.apache.catalina.core.StandardServer.await(StandardServer.java:440)
	at org.apache.catalina.startup.Catalina.await(Catalina.java:769)
	at org.apache.catalina.startup.Catalina.start(Catalina.java:715)
	at sun.reflect.NativeMethodAccessorImpl.invoke0(Native Method)
	at sun.reflect.NativeMethodAccessorImpl.invoke(NativeMethodAccessorImpl.java:62)
	at sun.reflect.DelegatingMethodAccessorImpl.invoke(DelegatingMethodAccessorImpl.java:43)
	at java.lang.reflect.Method.invoke(Method.java:498)
	at org.apache.catalina.startup.Bootstrap.start(Bootstrap.java:353)
	at org.apache.catalina.startup.Bootstrap.main(Bootstrap.java:493)

16-Oct-2018 19:13:19.608 INFOS [main] org.apache.coyote.AbstractProtocol.pause Pausing ProtocolHandler ["http-nio-8080"]
16-Oct-2018 19:13:19.608 INFOS [main] org.apache.coyote.AbstractProtocol.pause Pausing ProtocolHandler ["ajp-nio-8009"]
16-Oct-2018 19:13:19.608 INFOS [main] org.apache.catalina.core.StandardService.stopInternal Arrêt du service [Catalina]
16-Oct-2018 19:13:19.777 INFOS [main] org.apache.coyote.AbstractProtocol.stop Stopping ProtocolHandler ["http-nio-8080"]
16-Oct-2018 19:13:19.777 INFOS [main] org.apache.coyote.AbstractProtocol.destroy Destroying ProtocolHandler ["http-nio-8080"]
16-Oct-2018 19:13:19.778 INFOS [main] org.apache.coyote.AbstractProtocol.stop Stopping ProtocolHandler ["ajp-nio-8009"]
16-Oct-2018 19:13:19.778 INFOS [main] org.apache.coyote.AbstractProtocol.destroy Destroying ProtocolHandler ["ajp-nio-8009"]
16-Oct-2018 19:13:25.419 INFOS [main] org.apache.catalina.core.StandardServer.await A valid shutdown command was received via the shutdown port. Stopping the Server instance.
16-Oct-2018 19:13:25.419 INFOS [main] org.apache.coyote.AbstractProtocol.pause Pausing ProtocolHandler ["http-nio-8080"]
16-Oct-2018 19:13:25.471 INFOS [main] org.apache.coyote.AbstractProtocol.pause Pausing ProtocolHandler ["ajp-nio-8009"]
16-Oct-2018 19:13:25.523 INFOS [main] org.apache.catalina.core.StandardService.stopInternal Arrêt du service [Catalina]
16-Oct-2018 19:13:25.567 INFOS [main] org.apache.coyote.AbstractProtocol.stop Stopping ProtocolHandler ["http-nio-8080"]
16-Oct-2018 19:13:25.568 INFOS [main] org.apache.coyote.AbstractProtocol.stop Stopping ProtocolHandler ["ajp-nio-8009"]
16-Oct-2018 19:13:25.569 INFOS [main] org.apache.coyote.AbstractProtocol.destroy Destroying ProtocolHandler ["http-nio-8080"]
16-Oct-2018 19:13:25.569 INFOS [main] org.apache.coyote.AbstractProtocol.destroy Destroying ProtocolHandler ["ajp-nio-8009"]
16-Oct-2018 19:13:27.844 INFOS [main] org.apache.catalina.startup.VersionLoggerListener.log Server version:        Apache Tomcat/8.5.34
16-Oct-2018 19:13:27.845 INFOS [main] org.apache.catalina.startup.VersionLoggerListener.log Server built:          Sep 4 2018 22:28:22 UTC
16-Oct-2018 19:13:27.845 INFOS [main] org.apache.catalina.startup.VersionLoggerListener.log Server number:         8.5.34.0
16-Oct-2018 19:13:27.845 INFOS [main] org.apache.catalina.startup.VersionLoggerListener.log OS Name:               Linux
16-Oct-2018 19:13:27.845 INFOS [main] org.apache.catalina.startup.VersionLoggerListener.log OS Version:            4.9.0-8-amd64
16-Oct-2018 19:13:27.845 INFOS [main] org.apache.catalina.startup.VersionLoggerListener.log Architecture:          amd64
16-Oct-2018 19:13:27.846 INFOS [main] org.apache.catalina.startup.VersionLoggerListener.log Java Home:             /usr/lib/jvm/oracle-java8-jdk-amd64/jre
16-Oct-2018 19:13:27.846 INFOS [main] org.apache.catalina.startup.VersionLoggerListener.log JVM Version:           1.8.0_162-b12
16-Oct-2018 19:13:27.846 INFOS [main] org.apache.catalina.startup.VersionLoggerListener.log JVM Vendor:            Oracle Corporation
16-Oct-2018 19:13:27.846 INFOS [main] org.apache.catalina.startup.VersionLoggerListener.log CATALINA_BASE:         /autofs/netapp/travail/faudoy/Lescours/Master/S9/ProgWeb/TD4/apache-tomcat-8.5.34
16-Oct-2018 19:13:27.846 INFOS [main] org.apache.catalina.startup.VersionLoggerListener.log CATALINA_HOME:         /autofs/netapp/travail/faudoy/Lescours/Master/S9/ProgWeb/TD4/apache-tomcat-8.5.34
16-Oct-2018 19:13:27.846 INFOS [main] org.apache.catalina.startup.VersionLoggerListener.log Command line argument: -Djava.util.logging.config.file=/net/cremi/faudoy/espaces/travail/Lescours/Master/S9/ProgWeb/TD4/apache-tomcat-8.5.34/conf/logging.properties
16-Oct-2018 19:13:27.846 INFOS [main] org.apache.catalina.startup.VersionLoggerListener.log Command line argument: -Djava.util.logging.manager=org.apache.juli.ClassLoaderLogManager
16-Oct-2018 19:13:27.846 INFOS [main] org.apache.catalina.startup.VersionLoggerListener.log Command line argument: -Djdk.tls.ephemeralDHKeySize=2048
16-Oct-2018 19:13:27.846 INFOS [main] org.apache.catalina.startup.VersionLoggerListener.log Command line argument: -Djava.protocol.handler.pkgs=org.apache.catalina.webresources
16-Oct-2018 19:13:27.846 INFOS [main] org.apache.catalina.startup.VersionLoggerListener.log Command line argument: -Dorg.apache.catalina.security.SecurityListener.UMASK=0027
16-Oct-2018 19:13:27.846 INFOS [main] org.apache.catalina.startup.VersionLoggerListener.log Command line argument: -Dignore.endorsed.dirs=
16-Oct-2018 19:13:27.846 INFOS [main] org.apache.catalina.startup.VersionLoggerListener.log Command line argument: -Dcatalina.base=/net/cremi/faudoy/espaces/travail/Lescours/Master/S9/ProgWeb/TD4/apache-tomcat-8.5.34
16-Oct-2018 19:13:27.846 INFOS [main] org.apache.catalina.startup.VersionLoggerListener.log Command line argument: -Dcatalina.home=/net/cremi/faudoy/espaces/travail/Lescours/Master/S9/ProgWeb/TD4/apache-tomcat-8.5.34
16-Oct-2018 19:13:27.847 INFOS [main] org.apache.catalina.startup.VersionLoggerListener.log Command line argument: -Djava.io.tmpdir=/net/cremi/faudoy/espaces/travail/Lescours/Master/S9/ProgWeb/TD4/apache-tomcat-8.5.34/temp
16-Oct-2018 19:13:27.847 INFOS [main] org.apache.catalina.core.AprLifecycleListener.lifecycleEvent The APR based Apache Tomcat Native library which allows optimal performance in production environments was not found on the java.library.path: [/usr/java/packages/lib/amd64:/usr/lib64:/lib64:/lib:/usr/lib]
16-Oct-2018 19:13:27.920 INFOS [main] org.apache.coyote.AbstractProtocol.init Initializing ProtocolHandler ["http-nio-8080"]
16-Oct-2018 19:13:27.926 INFOS [main] org.apache.tomcat.util.net.NioSelectorPool.getSharedSelector Using a shared selector for servlet write/read
16-Oct-2018 19:13:27.930 INFOS [main] org.apache.coyote.AbstractProtocol.init Initializing ProtocolHandler ["ajp-nio-8009"]
16-Oct-2018 19:13:27.931 INFOS [main] org.apache.tomcat.util.net.NioSelectorPool.getSharedSelector Using a shared selector for servlet write/read
16-Oct-2018 19:13:27.931 INFOS [main] org.apache.catalina.startup.Catalina.load Initialization processed in 302 ms
16-Oct-2018 19:13:27.946 INFOS [main] org.apache.catalina.core.StandardService.startInternal Démarrage du service [Catalina]
16-Oct-2018 19:13:27.946 INFOS [main] org.apache.catalina.core.StandardEngine.startInternal Starting Servlet Engine: Apache Tomcat/8.5.34
16-Oct-2018 19:13:27.951 INFOS [localhost-startStop-1] org.apache.catalina.startup.HostConfig.deployDirectory Déploiement du répertoire [/autofs/netapp/travail/faudoy/Lescours/Master/S9/ProgWeb/TD4/apache-tomcat-8.5.34/webapps/ROOT] de l'application web
16-Oct-2018 19:13:28.115 INFOS [localhost-startStop-1] org.apache.catalina.startup.HostConfig.deployDirectory Deployment of web application directory [/autofs/netapp/travail/faudoy/Lescours/Master/S9/ProgWeb/TD4/apache-tomcat-8.5.34/webapps/ROOT] has finished in [163] ms
16-Oct-2018 19:13:28.115 INFOS [localhost-startStop-1] org.apache.catalina.startup.HostConfig.deployDirectory Déploiement du répertoire [/autofs/netapp/travail/faudoy/Lescours/Master/S9/ProgWeb/TD4/apache-tomcat-8.5.34/webapps/docs] de l'application web
16-Oct-2018 19:13:28.128 INFOS [localhost-startStop-1] org.apache.catalina.startup.HostConfig.deployDirectory Deployment of web application directory [/autofs/netapp/travail/faudoy/Lescours/Master/S9/ProgWeb/TD4/apache-tomcat-8.5.34/webapps/docs] has finished in [13] ms
16-Oct-2018 19:13:28.128 INFOS [localhost-startStop-1] org.apache.catalina.startup.HostConfig.deployDirectory Déploiement du répertoire [/autofs/netapp/travail/faudoy/Lescours/Master/S9/ProgWeb/TD4/apache-tomcat-8.5.34/webapps/examples] de l'application web
16-Oct-2018 19:13:28.310 INFOS [localhost-startStop-1] org.apache.catalina.startup.HostConfig.deployDirectory Deployment of web application directory [/autofs/netapp/travail/faudoy/Lescours/Master/S9/ProgWeb/TD4/apache-tomcat-8.5.34/webapps/examples] has finished in [182] ms
16-Oct-2018 19:13:28.310 INFOS [localhost-startStop-1] org.apache.catalina.startup.HostConfig.deployDirectory Déploiement du répertoire [/autofs/netapp/travail/faudoy/Lescours/Master/S9/ProgWeb/TD4/apache-tomcat-8.5.34/webapps/host-manager] de l'application web
16-Oct-2018 19:13:28.326 INFOS [localhost-startStop-1] org.apache.catalina.startup.HostConfig.deployDirectory Deployment of web application directory [/autofs/netapp/travail/faudoy/Lescours/Master/S9/ProgWeb/TD4/apache-tomcat-8.5.34/webapps/host-manager] has finished in [16] ms
16-Oct-2018 19:13:28.326 INFOS [localhost-startStop-1] org.apache.catalina.startup.HostConfig.deployDirectory Déploiement du répertoire [/autofs/netapp/travail/faudoy/Lescours/Master/S9/ProgWeb/TD4/apache-tomcat-8.5.34/webapps/manager] de l'application web
16-Oct-2018 19:13:28.340 INFOS [localhost-startStop-1] org.apache.catalina.startup.HostConfig.deployDirectory Deployment of web application directory [/autofs/netapp/travail/faudoy/Lescours/Master/S9/ProgWeb/TD4/apache-tomcat-8.5.34/webapps/manager] has finished in [14] ms
16-Oct-2018 19:13:28.340 INFOS [localhost-startStop-1] org.apache.catalina.startup.HostConfig.deployDirectory Déploiement du répertoire [/autofs/netapp/travail/faudoy/Lescours/Master/S9/ProgWeb/TD4/apache-tomcat-8.5.34/webapps/bin] de l'application web
16-Oct-2018 19:13:28.356 INFOS [localhost-startStop-1] org.apache.catalina.startup.HostConfig.deployDirectory Deployment of web application directory [/autofs/netapp/travail/faudoy/Lescours/Master/S9/ProgWeb/TD4/apache-tomcat-8.5.34/webapps/bin] has finished in [16] ms
16-Oct-2018 19:13:28.356 INFOS [localhost-startStop-1] org.apache.catalina.startup.HostConfig.deployDirectory Déploiement du répertoire [/autofs/netapp/travail/faudoy/Lescours/Master/S9/ProgWeb/TD4/apache-tomcat-8.5.34/webapps/hello] de l'application web
16-Oct-2018 19:13:28.373 INFOS [localhost-startStop-1] org.apache.catalina.startup.HostConfig.deployDirectory Deployment of web application directory [/autofs/netapp/travail/faudoy/Lescours/Master/S9/ProgWeb/TD4/apache-tomcat-8.5.34/webapps/hello] has finished in [17] ms
16-Oct-2018 19:13:28.373 INFOS [localhost-startStop-1] org.apache.catalina.startup.HostConfig.deployDirectory Déploiement du répertoire [/autofs/netapp/travail/faudoy/Lescours/Master/S9/ProgWeb/TD4/apache-tomcat-8.5.34/webapps/Redirection] de l'application web
16-Oct-2018 19:13:28.390 INFOS [localhost-startStop-1] org.apache.catalina.startup.HostConfig.deployDirectory Deployment of web application directory [/autofs/netapp/travail/faudoy/Lescours/Master/S9/ProgWeb/TD4/apache-tomcat-8.5.34/webapps/Redirection] has finished in [17] ms
16-Oct-2018 19:13:28.392 INFOS [main] org.apache.coyote.AbstractProtocol.start Starting ProtocolHandler ["http-nio-8080"]
16-Oct-2018 19:13:28.398 INFOS [main] org.apache.coyote.AbstractProtocol.start Starting ProtocolHandler ["ajp-nio-8009"]
16-Oct-2018 19:13:28.399 INFOS [main] org.apache.catalina.startup.Catalina.start Server startup in 467 ms
16-Oct-2018 19:14:12.763 INFOS [http-nio-8080-exec-7] org.apache.catalina.startup.HostConfig.deployWAR Déploiement de l'archive [/autofs/netapp/travail/faudoy/Lescours/Master/S9/ProgWeb/TD4/apache-tomcat-8.5.34/webapps/HelloWorld.war] de l'application web
16-Oct-2018 19:14:12.852 INFOS [http-nio-8080-exec-7] org.apache.catalina.startup.HostConfig.deployWAR Deployment of web application archive [/autofs/netapp/travail/faudoy/Lescours/Master/S9/ProgWeb/TD4/apache-tomcat-8.5.34/webapps/HelloWorld.war] has finished in [89] ms
16-Oct-2018 19:18:57.493 INFOS [http-nio-8080-exec-9] org.apache.coyote.http11.Http11Processor.service Error parsing HTTP request header
 Note: further occurrences of HTTP header parsing errors will be logged at DEBUG level.
 java.lang.IllegalArgumentException: Invalid character found in method name. HTTP method names must be tokens
	at org.apache.coyote.http11.Http11InputBuffer.parseRequestLine(Http11InputBuffer.java:428)
	at org.apache.coyote.http11.Http11Processor.service(Http11Processor.java:684)
	at org.apache.coyote.AbstractProcessorLight.process(AbstractProcessorLight.java:66)
	at org.apache.coyote.AbstractProtocol$ConnectionHandler.process(AbstractProtocol.java:806)
	at org.apache.tomcat.util.net.NioEndpoint$SocketProcessor.doRun(NioEndpoint.java:1498)
	at org.apache.tomcat.util.net.SocketProcessorBase.run(SocketProcessorBase.java:49)
	at java.util.concurrent.ThreadPoolExecutor.runWorker(ThreadPoolExecutor.java:1149)
	at java.util.concurrent.ThreadPoolExecutor$Worker.run(ThreadPoolExecutor.java:624)
	at org.apache.tomcat.util.threads.TaskThread$WrappingRunnable.run(TaskThread.java:61)
	at java.lang.Thread.run(Thread.java:748)

16-Oct-2018 19:19:25.982 INFOS [http-nio-8080-exec-9] org.apache.coyote.http11.Http11Processor.service Error parsing HTTP request header
 Note: further occurrences of HTTP header parsing errors will be logged at DEBUG level.
 java.lang.IllegalArgumentException: Invalid character found in method name. HTTP method names must be tokens
	at org.apache.coyote.http11.Http11InputBuffer.parseRequestLine(Http11InputBuffer.java:428)
	at org.apache.coyote.http11.Http11Processor.service(Http11Processor.java:684)
	at org.apache.coyote.AbstractProcessorLight.process(AbstractProcessorLight.java:66)
	at org.apache.coyote.AbstractProtocol$ConnectionHandler.process(AbstractProtocol.java:806)
	at org.apache.tomcat.util.net.NioEndpoint$SocketProcessor.doRun(NioEndpoint.java:1498)
	at org.apache.tomcat.util.net.SocketProcessorBase.run(SocketProcessorBase.java:49)
	at java.util.concurrent.ThreadPoolExecutor.runWorker(ThreadPoolExecutor.java:1149)
	at java.util.concurrent.ThreadPoolExecutor$Worker.run(ThreadPoolExecutor.java:624)
	at org.apache.tomcat.util.threads.TaskThread$WrappingRunnable.run(TaskThread.java:61)
	at java.lang.Thread.run(Thread.java:748)

16-Oct-2018 19:20:34.999 INFOS [http-nio-8080-exec-5] org.apache.catalina.core.StandardContext.reload Le rechargement du contexte [/HelloWorld] a démarré
16-Oct-2018 19:20:35.027 INFOS [http-nio-8080-exec-5] org.apache.catalina.core.StandardContext.reload Le rechargement de ce contexte est terminé
16-Oct-2018 19:41:54.724 INFOS [http-nio-8080-exec-19] org.apache.catalina.startup.HostConfig.deployWAR Déploiement de l'archive [/autofs/netapp/travail/faudoy/Lescours/Master/S9/ProgWeb/TD4/apache-tomcat-8.5.34/webapps/TP.war] de l'application web
16-Oct-2018 19:41:54.813 INFOS [http-nio-8080-exec-19] org.apache.catalina.startup.HostConfig.deployWAR Deployment of web application archive [/autofs/netapp/travail/faudoy/Lescours/Master/S9/ProgWeb/TD4/apache-tomcat-8.5.34/webapps/TP.war] has finished in [88] ms
16-Oct-2018 19:43:25.112 INFOS [http-nio-8080-exec-11] org.apache.catalina.core.StandardContext.reload Le rechargement du contexte [/TP] a démarré
16-Oct-2018 19:43:25.147 INFOS [http-nio-8080-exec-11] org.apache.catalina.core.StandardContext.reload Le rechargement de ce contexte est terminé
16-Oct-2018 19:45:14.222 INFOS [main] org.apache.catalina.core.StandardServer.await A valid shutdown command was received via the shutdown port. Stopping the Server instance.
16-Oct-2018 19:45:14.223 INFOS [main] org.apache.coyote.AbstractProtocol.pause Pausing ProtocolHandler ["http-nio-8080"]
16-Oct-2018 19:45:14.275 INFOS [main] org.apache.coyote.AbstractProtocol.pause Pausing ProtocolHandler ["ajp-nio-8009"]
16-Oct-2018 19:45:14.326 INFOS [main] org.apache.catalina.core.StandardService.stopInternal Arrêt du service [Catalina]
16-Oct-2018 19:45:14.379 INFOS [main] org.apache.coyote.AbstractProtocol.stop Stopping ProtocolHandler ["http-nio-8080"]
16-Oct-2018 19:45:14.380 INFOS [main] org.apache.coyote.AbstractProtocol.stop Stopping ProtocolHandler ["ajp-nio-8009"]
16-Oct-2018 19:45:14.382 INFOS [main] org.apache.coyote.AbstractProtocol.destroy Destroying ProtocolHandler ["http-nio-8080"]
16-Oct-2018 19:45:14.382 INFOS [main] org.apache.coyote.AbstractProtocol.destroy Destroying ProtocolHandler ["ajp-nio-8009"]
