NOTE: Picked up JDK_JAVA_OPTIONS:  --add-opens=java.base/java.lang=ALL-UNNAMED --add-opens=java.base/java.io=ALL-UNNAMED --add-opens=java.rmi/sun.rmi.transport=ALL-UNNAMED
01-Nov-2018 12:43:40.935 INFOS [main] org.apache.catalina.startup.VersionLoggerListener.log Server version:        Apache Tomcat/8.5.34
01-Nov-2018 12:43:40.939 INFOS [main] org.apache.catalina.startup.VersionLoggerListener.log Server built:          Sep 4 2018 22:28:22 UTC
01-Nov-2018 12:43:40.939 INFOS [main] org.apache.catalina.startup.VersionLoggerListener.log Server number:         8.5.34.0
01-Nov-2018 12:43:40.940 INFOS [main] org.apache.catalina.startup.VersionLoggerListener.log OS Name:               Linux
01-Nov-2018 12:43:40.940 INFOS [main] org.apache.catalina.startup.VersionLoggerListener.log OS Version:            4.15.0-38-generic
01-Nov-2018 12:43:40.940 INFOS [main] org.apache.catalina.startup.VersionLoggerListener.log Architecture:          amd64
01-Nov-2018 12:43:40.940 INFOS [main] org.apache.catalina.startup.VersionLoggerListener.log Java Home:             /usr/lib/jvm/java-11-openjdk-amd64
01-Nov-2018 12:43:40.940 INFOS [main] org.apache.catalina.startup.VersionLoggerListener.log JVM Version:           10.0.2+13-Ubuntu-1ubuntu0.18.04.2
01-Nov-2018 12:43:40.941 INFOS [main] org.apache.catalina.startup.VersionLoggerListener.log JVM Vendor:            Oracle Corporation
01-Nov-2018 12:43:40.943 INFOS [main] org.apache.catalina.startup.VersionLoggerListener.log CATALINA_BASE:         /home/francois/Lescours/Master/S9/ProgWeb/TD4/apache-tomcat-8.5.34
01-Nov-2018 12:43:40.943 INFOS [main] org.apache.catalina.startup.VersionLoggerListener.log CATALINA_HOME:         /home/francois/Lescours/Master/S9/ProgWeb/TD4/apache-tomcat-8.5.34
01-Nov-2018 12:43:40.943 INFOS [main] org.apache.catalina.startup.VersionLoggerListener.log Command line argument: --add-opens=java.base/java.lang=ALL-UNNAMED
01-Nov-2018 12:43:40.943 INFOS [main] org.apache.catalina.startup.VersionLoggerListener.log Command line argument: --add-opens=java.base/java.io=ALL-UNNAMED
01-Nov-2018 12:43:40.943 INFOS [main] org.apache.catalina.startup.VersionLoggerListener.log Command line argument: --add-opens=java.rmi/sun.rmi.transport=ALL-UNNAMED
01-Nov-2018 12:43:40.943 INFOS [main] org.apache.catalina.startup.VersionLoggerListener.log Command line argument: -Djava.util.logging.config.file=/home/francois/Lescours/Master/S9/ProgWeb/TD4/apache-tomcat-8.5.34/conf/logging.properties
01-Nov-2018 12:43:40.944 INFOS [main] org.apache.catalina.startup.VersionLoggerListener.log Command line argument: -Djava.util.logging.manager=org.apache.juli.ClassLoaderLogManager
01-Nov-2018 12:43:40.944 INFOS [main] org.apache.catalina.startup.VersionLoggerListener.log Command line argument: -Djdk.tls.ephemeralDHKeySize=2048
01-Nov-2018 12:43:40.944 INFOS [main] org.apache.catalina.startup.VersionLoggerListener.log Command line argument: -Djava.protocol.handler.pkgs=org.apache.catalina.webresources
01-Nov-2018 12:43:40.944 INFOS [main] org.apache.catalina.startup.VersionLoggerListener.log Command line argument: -Dorg.apache.catalina.security.SecurityListener.UMASK=0027
01-Nov-2018 12:43:40.944 INFOS [main] org.apache.catalina.startup.VersionLoggerListener.log Command line argument: -Dignore.endorsed.dirs=
01-Nov-2018 12:43:40.944 INFOS [main] org.apache.catalina.startup.VersionLoggerListener.log Command line argument: -Dcatalina.base=/home/francois/Lescours/Master/S9/ProgWeb/TD4/apache-tomcat-8.5.34
01-Nov-2018 12:43:40.944 INFOS [main] org.apache.catalina.startup.VersionLoggerListener.log Command line argument: -Dcatalina.home=/home/francois/Lescours/Master/S9/ProgWeb/TD4/apache-tomcat-8.5.34
01-Nov-2018 12:43:40.944 INFOS [main] org.apache.catalina.startup.VersionLoggerListener.log Command line argument: -Djava.io.tmpdir=/home/francois/Lescours/Master/S9/ProgWeb/TD4/apache-tomcat-8.5.34/temp
01-Nov-2018 12:43:40.945 INFOS [main] org.apache.catalina.core.AprLifecycleListener.lifecycleEvent The APR based Apache Tomcat Native library which allows optimal performance in production environments was not found on the java.library.path: [/usr/java/packages/lib:/usr/lib/x86_64-linux-gnu/jni:/lib/x86_64-linux-gnu:/usr/lib/x86_64-linux-gnu:/usr/lib/jni:/lib:/usr/lib]
01-Nov-2018 12:43:40.988 INFOS [main] org.apache.coyote.AbstractProtocol.init Initializing ProtocolHandler ["http-nio-8080"]
01-Nov-2018 12:43:41.002 INFOS [main] org.apache.tomcat.util.net.NioSelectorPool.getSharedSelector Using a shared selector for servlet write/read
01-Nov-2018 12:43:41.008 INFOS [main] org.apache.coyote.AbstractProtocol.init Initializing ProtocolHandler ["ajp-nio-8009"]
01-Nov-2018 12:43:41.010 INFOS [main] org.apache.tomcat.util.net.NioSelectorPool.getSharedSelector Using a shared selector for servlet write/read
01-Nov-2018 12:43:41.010 INFOS [main] org.apache.catalina.startup.Catalina.load Initialization processed in 617 ms
01-Nov-2018 12:43:41.074 INFOS [main] org.apache.catalina.core.StandardService.startInternal Démarrage du service [Catalina]
01-Nov-2018 12:43:41.074 INFOS [main] org.apache.catalina.core.StandardEngine.startInternal Starting Servlet Engine: Apache Tomcat/8.5.34
01-Nov-2018 12:43:41.084 INFOS [localhost-startStop-1] org.apache.catalina.startup.HostConfig.deployDirectory Déploiement du répertoire [/home/francois/Lescours/Master/S9/ProgWeb/TD4/apache-tomcat-8.5.34/webapps/manager] de l'application web
01-Nov-2018 12:43:41.521 INFOS [localhost-startStop-1] org.apache.catalina.startup.HostConfig.deployDirectory Deployment of web application directory [/home/francois/Lescours/Master/S9/ProgWeb/TD4/apache-tomcat-8.5.34/webapps/manager] has finished in [435] ms
01-Nov-2018 12:43:41.522 INFOS [localhost-startStop-1] org.apache.catalina.startup.HostConfig.deployDirectory Déploiement du répertoire [/home/francois/Lescours/Master/S9/ProgWeb/TD4/apache-tomcat-8.5.34/webapps/docs] de l'application web
01-Nov-2018 12:43:41.545 INFOS [localhost-startStop-1] org.apache.catalina.startup.HostConfig.deployDirectory Deployment of web application directory [/home/francois/Lescours/Master/S9/ProgWeb/TD4/apache-tomcat-8.5.34/webapps/docs] has finished in [23] ms
01-Nov-2018 12:43:41.546 INFOS [localhost-startStop-1] org.apache.catalina.startup.HostConfig.deployDirectory Déploiement du répertoire [/home/francois/Lescours/Master/S9/ProgWeb/TD4/apache-tomcat-8.5.34/webapps/examples] de l'application web
01-Nov-2018 12:43:41.845 INFOS [localhost-startStop-1] org.apache.catalina.startup.HostConfig.deployDirectory Deployment of web application directory [/home/francois/Lescours/Master/S9/ProgWeb/TD4/apache-tomcat-8.5.34/webapps/examples] has finished in [300] ms
01-Nov-2018 12:43:41.846 INFOS [localhost-startStop-1] org.apache.catalina.startup.HostConfig.deployDirectory Déploiement du répertoire [/home/francois/Lescours/Master/S9/ProgWeb/TD4/apache-tomcat-8.5.34/webapps/host-manager] de l'application web
01-Nov-2018 12:43:41.870 INFOS [localhost-startStop-1] org.apache.catalina.startup.HostConfig.deployDirectory Deployment of web application directory [/home/francois/Lescours/Master/S9/ProgWeb/TD4/apache-tomcat-8.5.34/webapps/host-manager] has finished in [25] ms
01-Nov-2018 12:43:41.872 INFOS [localhost-startStop-1] org.apache.catalina.startup.HostConfig.deployDirectory Déploiement du répertoire [/home/francois/Lescours/Master/S9/ProgWeb/TD4/apache-tomcat-8.5.34/webapps/ROOT] de l'application web
01-Nov-2018 12:43:41.892 INFOS [localhost-startStop-1] org.apache.catalina.startup.HostConfig.deployDirectory Deployment of web application directory [/home/francois/Lescours/Master/S9/ProgWeb/TD4/apache-tomcat-8.5.34/webapps/ROOT] has finished in [20] ms
01-Nov-2018 12:43:41.896 INFOS [main] org.apache.coyote.AbstractProtocol.start Starting ProtocolHandler ["http-nio-8080"]
01-Nov-2018 12:43:41.909 INFOS [main] org.apache.coyote.AbstractProtocol.start Starting ProtocolHandler ["ajp-nio-8009"]
01-Nov-2018 12:43:41.918 INFOS [main] org.apache.catalina.startup.Catalina.start Server startup in 907 ms
