23-Oct-2018 08:18:10.085 INFOS [main] org.apache.catalina.startup.VersionLoggerListener.log Server version:        Apache Tomcat/8.5.34
23-Oct-2018 08:18:10.156 INFOS [main] org.apache.catalina.startup.VersionLoggerListener.log Server built:          Sep 4 2018 22:28:22 UTC
23-Oct-2018 08:18:10.156 INFOS [main] org.apache.catalina.startup.VersionLoggerListener.log Server number:         8.5.34.0
23-Oct-2018 08:18:10.156 INFOS [main] org.apache.catalina.startup.VersionLoggerListener.log OS Name:               Linux
23-Oct-2018 08:18:10.156 INFOS [main] org.apache.catalina.startup.VersionLoggerListener.log OS Version:            4.9.0-8-amd64
23-Oct-2018 08:18:10.156 INFOS [main] org.apache.catalina.startup.VersionLoggerListener.log Architecture:          amd64
23-Oct-2018 08:18:10.156 INFOS [main] org.apache.catalina.startup.VersionLoggerListener.log Java Home:             /usr/lib/jvm/oracle-java8-jdk-amd64/jre
23-Oct-2018 08:18:10.157 INFOS [main] org.apache.catalina.startup.VersionLoggerListener.log JVM Version:           1.8.0_162-b12
23-Oct-2018 08:18:10.157 INFOS [main] org.apache.catalina.startup.VersionLoggerListener.log JVM Vendor:            Oracle Corporation
23-Oct-2018 08:18:10.157 INFOS [main] org.apache.catalina.startup.VersionLoggerListener.log CATALINA_BASE:         /autofs/netapp/travail/faudoy/Lescours/Master/S9/ProgWeb/TD4/apache-tomcat-8.5.34
23-Oct-2018 08:18:10.157 INFOS [main] org.apache.catalina.startup.VersionLoggerListener.log CATALINA_HOME:         /autofs/netapp/travail/faudoy/Lescours/Master/S9/ProgWeb/TD4/apache-tomcat-8.5.34
23-Oct-2018 08:18:10.157 INFOS [main] org.apache.catalina.startup.VersionLoggerListener.log Command line argument: -Djava.util.logging.config.file=/net/cremi/faudoy/espaces/travail/Lescours/Master/S9/ProgWeb/TD4/apache-tomcat-8.5.34/conf/logging.properties
23-Oct-2018 08:18:10.157 INFOS [main] org.apache.catalina.startup.VersionLoggerListener.log Command line argument: -Djava.util.logging.manager=org.apache.juli.ClassLoaderLogManager
23-Oct-2018 08:18:10.157 INFOS [main] org.apache.catalina.startup.VersionLoggerListener.log Command line argument: -Djdk.tls.ephemeralDHKeySize=2048
23-Oct-2018 08:18:10.157 INFOS [main] org.apache.catalina.startup.VersionLoggerListener.log Command line argument: -Djava.protocol.handler.pkgs=org.apache.catalina.webresources
23-Oct-2018 08:18:10.157 INFOS [main] org.apache.catalina.startup.VersionLoggerListener.log Command line argument: -Dorg.apache.catalina.security.SecurityListener.UMASK=0027
23-Oct-2018 08:18:10.158 INFOS [main] org.apache.catalina.startup.VersionLoggerListener.log Command line argument: -Dignore.endorsed.dirs=
23-Oct-2018 08:18:10.158 INFOS [main] org.apache.catalina.startup.VersionLoggerListener.log Command line argument: -Dcatalina.base=/net/cremi/faudoy/espaces/travail/Lescours/Master/S9/ProgWeb/TD4/apache-tomcat-8.5.34
23-Oct-2018 08:18:10.158 INFOS [main] org.apache.catalina.startup.VersionLoggerListener.log Command line argument: -Dcatalina.home=/net/cremi/faudoy/espaces/travail/Lescours/Master/S9/ProgWeb/TD4/apache-tomcat-8.5.34
23-Oct-2018 08:18:10.158 INFOS [main] org.apache.catalina.startup.VersionLoggerListener.log Command line argument: -Djava.io.tmpdir=/net/cremi/faudoy/espaces/travail/Lescours/Master/S9/ProgWeb/TD4/apache-tomcat-8.5.34/temp
23-Oct-2018 08:18:10.158 INFOS [main] org.apache.catalina.core.AprLifecycleListener.lifecycleEvent The APR based Apache Tomcat Native library which allows optimal performance in production environments was not found on the java.library.path: [/usr/java/packages/lib/amd64:/usr/lib64:/lib64:/lib:/usr/lib]
23-Oct-2018 08:18:10.494 INFOS [main] org.apache.coyote.AbstractProtocol.init Initializing ProtocolHandler ["http-nio-8080"]
23-Oct-2018 08:18:10.549 INFOS [main] org.apache.tomcat.util.net.NioSelectorPool.getSharedSelector Using a shared selector for servlet write/read
23-Oct-2018 08:18:10.556 INFOS [main] org.apache.coyote.AbstractProtocol.init Initializing ProtocolHandler ["ajp-nio-8009"]
23-Oct-2018 08:18:10.558 INFOS [main] org.apache.tomcat.util.net.NioSelectorPool.getSharedSelector Using a shared selector for servlet write/read
23-Oct-2018 08:18:10.558 INFOS [main] org.apache.catalina.startup.Catalina.load Initialization processed in 1134 ms
23-Oct-2018 08:18:10.710 INFOS [main] org.apache.catalina.core.StandardService.startInternal Démarrage du service [Catalina]
23-Oct-2018 08:18:10.711 INFOS [main] org.apache.catalina.core.StandardEngine.startInternal Starting Servlet Engine: Apache Tomcat/8.5.34
23-Oct-2018 08:18:10.923 INFOS [localhost-startStop-1] org.apache.catalina.startup.HostConfig.deployWAR Déploiement de l'archive [/autofs/netapp/travail/faudoy/Lescours/Master/S9/ProgWeb/TD4/apache-tomcat-8.5.34/webapps/HelloWorld.war] de l'application web
23-Oct-2018 08:18:11.784 AVERTISSEMENT [localhost-startStop-1] org.apache.catalina.util.SessionIdGeneratorBase.createSecureRandom Creation of SecureRandom instance for session ID generation using [SHA1PRNG] took [115] milliseconds.
23-Oct-2018 08:18:11.826 INFOS [localhost-startStop-1] org.apache.catalina.startup.HostConfig.deployWAR Deployment of web application archive [/autofs/netapp/travail/faudoy/Lescours/Master/S9/ProgWeb/TD4/apache-tomcat-8.5.34/webapps/HelloWorld.war] has finished in [903] ms
23-Oct-2018 08:18:11.880 INFOS [localhost-startStop-1] org.apache.catalina.startup.HostConfig.deployWAR Déploiement de l'archive [/autofs/netapp/travail/faudoy/Lescours/Master/S9/ProgWeb/TD4/apache-tomcat-8.5.34/webapps/Contact.war] de l'application web
23-Oct-2018 08:18:13.699 INFOS [localhost-startStop-1] org.apache.jasper.servlet.TldScanner.scanJars At least one JAR was scanned for TLDs yet contained no TLDs. Enable debug logging for this logger for a complete list of JARs that were scanned but no TLDs were found in them. Skipping unneeded JARs during scanning can improve startup time and JSP compilation time.
23-Oct-2018 08:18:14.714 INFOS [localhost-startStop-1] org.apache.catalina.startup.HostConfig.deployWAR Deployment of web application archive [/autofs/netapp/travail/faudoy/Lescours/Master/S9/ProgWeb/TD4/apache-tomcat-8.5.34/webapps/Contact.war] has finished in [2 834] ms
23-Oct-2018 08:18:14.715 INFOS [localhost-startStop-1] org.apache.catalina.startup.HostConfig.deployDirectory Déploiement du répertoire [/autofs/netapp/travail/faudoy/Lescours/Master/S9/ProgWeb/TD4/apache-tomcat-8.5.34/webapps/ROOT] de l'application web
23-Oct-2018 08:18:14.797 INFOS [localhost-startStop-1] org.apache.catalina.startup.HostConfig.deployDirectory Deployment of web application directory [/autofs/netapp/travail/faudoy/Lescours/Master/S9/ProgWeb/TD4/apache-tomcat-8.5.34/webapps/ROOT] has finished in [82] ms
23-Oct-2018 08:18:14.798 INFOS [localhost-startStop-1] org.apache.catalina.startup.HostConfig.deployDirectory Déploiement du répertoire [/autofs/netapp/travail/faudoy/Lescours/Master/S9/ProgWeb/TD4/apache-tomcat-8.5.34/webapps/docs] de l'application web
23-Oct-2018 08:18:14.862 INFOS [localhost-startStop-1] org.apache.catalina.startup.HostConfig.deployDirectory Deployment of web application directory [/autofs/netapp/travail/faudoy/Lescours/Master/S9/ProgWeb/TD4/apache-tomcat-8.5.34/webapps/docs] has finished in [64] ms
23-Oct-2018 08:18:14.862 INFOS [localhost-startStop-1] org.apache.catalina.startup.HostConfig.deployDirectory Déploiement du répertoire [/autofs/netapp/travail/faudoy/Lescours/Master/S9/ProgWeb/TD4/apache-tomcat-8.5.34/webapps/examples] de l'application web
23-Oct-2018 08:18:16.283 INFOS [localhost-startStop-1] org.apache.catalina.startup.HostConfig.deployDirectory Deployment of web application directory [/autofs/netapp/travail/faudoy/Lescours/Master/S9/ProgWeb/TD4/apache-tomcat-8.5.34/webapps/examples] has finished in [1 421] ms
23-Oct-2018 08:18:16.283 INFOS [localhost-startStop-1] org.apache.catalina.startup.HostConfig.deployDirectory Déploiement du répertoire [/autofs/netapp/travail/faudoy/Lescours/Master/S9/ProgWeb/TD4/apache-tomcat-8.5.34/webapps/host-manager] de l'application web
23-Oct-2018 08:18:16.366 INFOS [localhost-startStop-1] org.apache.catalina.startup.HostConfig.deployDirectory Deployment of web application directory [/autofs/netapp/travail/faudoy/Lescours/Master/S9/ProgWeb/TD4/apache-tomcat-8.5.34/webapps/host-manager] has finished in [83] ms
23-Oct-2018 08:18:16.366 INFOS [localhost-startStop-1] org.apache.catalina.startup.HostConfig.deployDirectory Déploiement du répertoire [/autofs/netapp/travail/faudoy/Lescours/Master/S9/ProgWeb/TD4/apache-tomcat-8.5.34/webapps/manager] de l'application web
23-Oct-2018 08:18:16.482 INFOS [localhost-startStop-1] org.apache.catalina.startup.HostConfig.deployDirectory Deployment of web application directory [/autofs/netapp/travail/faudoy/Lescours/Master/S9/ProgWeb/TD4/apache-tomcat-8.5.34/webapps/manager] has finished in [116] ms
23-Oct-2018 08:18:16.482 INFOS [localhost-startStop-1] org.apache.catalina.startup.HostConfig.deployDirectory Déploiement du répertoire [/autofs/netapp/travail/faudoy/Lescours/Master/S9/ProgWeb/TD4/apache-tomcat-8.5.34/webapps/bin] de l'application web
23-Oct-2018 08:18:16.521 INFOS [localhost-startStop-1] org.apache.catalina.startup.HostConfig.deployDirectory Deployment of web application directory [/autofs/netapp/travail/faudoy/Lescours/Master/S9/ProgWeb/TD4/apache-tomcat-8.5.34/webapps/bin] has finished in [39] ms
23-Oct-2018 08:18:16.521 INFOS [localhost-startStop-1] org.apache.catalina.startup.HostConfig.deployDirectory Déploiement du répertoire [/autofs/netapp/travail/faudoy/Lescours/Master/S9/ProgWeb/TD4/apache-tomcat-8.5.34/webapps/hello] de l'application web
23-Oct-2018 08:18:16.644 INFOS [localhost-startStop-1] org.apache.catalina.startup.HostConfig.deployDirectory Deployment of web application directory [/autofs/netapp/travail/faudoy/Lescours/Master/S9/ProgWeb/TD4/apache-tomcat-8.5.34/webapps/hello] has finished in [123] ms
23-Oct-2018 08:18:16.644 INFOS [localhost-startStop-1] org.apache.catalina.startup.HostConfig.deployDirectory Déploiement du répertoire [/autofs/netapp/travail/faudoy/Lescours/Master/S9/ProgWeb/TD4/apache-tomcat-8.5.34/webapps/Redirection] de l'application web
23-Oct-2018 08:18:16.766 INFOS [localhost-startStop-1] org.apache.catalina.startup.HostConfig.deployDirectory Deployment of web application directory [/autofs/netapp/travail/faudoy/Lescours/Master/S9/ProgWeb/TD4/apache-tomcat-8.5.34/webapps/Redirection] has finished in [122] ms
23-Oct-2018 08:18:16.775 INFOS [main] org.apache.coyote.AbstractProtocol.start Starting ProtocolHandler ["http-nio-8080"]
23-Oct-2018 08:18:16.786 INFOS [main] org.apache.coyote.AbstractProtocol.start Starting ProtocolHandler ["ajp-nio-8009"]
23-Oct-2018 08:18:16.788 INFOS [main] org.apache.catalina.startup.Catalina.start Server startup in 6229 ms
23-Oct-2018 08:18:35.303 INFOS [http-nio-8080-exec-3] com.mongodb.diagnostics.logging.JULLogger.log Cluster created with settings {hosts=[ds137913.mlab.com:37913], mode=SINGLE, requiredClusterType=UNKNOWN, serverSelectionTimeout='30000 ms', maxWaitQueueSize=500}
23-Oct-2018 08:18:35.366 INFOS [http-nio-8080-exec-3] com.mongodb.diagnostics.logging.JULLogger.log No server chosen by ReadPreferenceServerSelector{readPreference=primary} from cluster description ClusterDescription{type=UNKNOWN, connectionMode=SINGLE, all=[ServerDescription{address=ds137913.mlab.com:37913, type=UNKNOWN, state=CONNECTING}]}. Waiting for 30000 ms before timing out
23-Oct-2018 08:18:35.805 INFOS [cluster-ClusterId{value='5bcebd3b74f9d2102b1f8ea2', description='null'}-ds137913.mlab.com:37913] com.mongodb.diagnostics.logging.JULLogger.log Opened connection [connectionId{localValue:1, serverValue:19842}] to ds137913.mlab.com:37913
23-Oct-2018 08:18:35.843 INFOS [cluster-ClusterId{value='5bcebd3b74f9d2102b1f8ea2', description='null'}-ds137913.mlab.com:37913] com.mongodb.diagnostics.logging.JULLogger.log Monitor thread successfully connected to server with description ServerDescription{address=ds137913.mlab.com:37913, type=REPLICA_SET_PRIMARY, state=CONNECTED, ok=true, version=ServerVersion{versionList=[3, 6, 8]}, minWireVersion=0, maxWireVersion=6, maxDocumentSize=16777216, roundTripTimeNanos=35853064, setName='rs-ds137913', canonicalAddress=ds137913-a.mlab.com:37913, hosts=[ds137913-a.mlab.com:37913], passives=[], arbiters=[], primary='ds137913-a.mlab.com:37913', tagSet=TagSet{[]}, electionId=7fffffff0000000000000001, setVersion=1}
23-Oct-2018 08:18:36.112 INFOS [http-nio-8080-exec-3] com.mongodb.diagnostics.logging.JULLogger.log Opened connection [connectionId{localValue:2, serverValue:19843}] to ds137913.mlab.com:37913
23-Oct-2018 10:55:40.216 INFOS [main] org.apache.catalina.core.StandardServer.await A valid shutdown command was received via the shutdown port. Stopping the Server instance.
23-Oct-2018 10:55:40.219 INFOS [main] org.apache.coyote.AbstractProtocol.pause Pausing ProtocolHandler ["http-nio-8080"]
23-Oct-2018 10:55:40.270 INFOS [main] org.apache.coyote.AbstractProtocol.pause Pausing ProtocolHandler ["ajp-nio-8009"]
23-Oct-2018 10:55:40.321 INFOS [main] org.apache.catalina.core.StandardService.stopInternal Arrêt du service [Catalina]
23-Oct-2018 10:55:40.408 AVERTISSEMENT [localhost-startStop-2] org.apache.catalina.loader.WebappClassLoaderBase.clearReferencesThreads The web application [Contact] appears to have started a thread named [cluster-ClusterId{value='5bcebd3b74f9d2102b1f8ea2', description='null'}-ds137913.mlab.com:37913] but has failed to stop it. This is very likely to create a memory leak. Stack trace of thread:
 sun.misc.Unsafe.park(Native Method)
 java.util.concurrent.locks.LockSupport.parkNanos(LockSupport.java:215)
 java.util.concurrent.locks.AbstractQueuedSynchronizer$ConditionObject.awaitNanos(AbstractQueuedSynchronizer.java:2078)
 com.mongodb.connection.DefaultServerMonitor$ServerMonitorRunnable.waitForSignalOrTimeout(DefaultServerMonitor.java:238)
 com.mongodb.connection.DefaultServerMonitor$ServerMonitorRunnable.waitForNext(DefaultServerMonitor.java:219)
 com.mongodb.connection.DefaultServerMonitor$ServerMonitorRunnable.run(DefaultServerMonitor.java:168)
 java.lang.Thread.run(Thread.java:748)
23-Oct-2018 10:55:40.409 AVERTISSEMENT [localhost-startStop-2] org.apache.catalina.loader.WebappClassLoaderBase.clearReferencesThreads The web application [Contact] appears to have started a thread named [pool-2-thread-1] but has failed to stop it. This is very likely to create a memory leak. Stack trace of thread:
 sun.misc.Unsafe.park(Native Method)
 java.util.concurrent.locks.LockSupport.parkNanos(LockSupport.java:215)
 java.util.concurrent.locks.AbstractQueuedSynchronizer$ConditionObject.awaitNanos(AbstractQueuedSynchronizer.java:2078)
 java.util.concurrent.ScheduledThreadPoolExecutor$DelayedWorkQueue.take(ScheduledThreadPoolExecutor.java:1093)
 java.util.concurrent.ScheduledThreadPoolExecutor$DelayedWorkQueue.take(ScheduledThreadPoolExecutor.java:809)
 java.util.concurrent.ThreadPoolExecutor.getTask(ThreadPoolExecutor.java:1074)
 java.util.concurrent.ThreadPoolExecutor.runWorker(ThreadPoolExecutor.java:1134)
 java.util.concurrent.ThreadPoolExecutor$Worker.run(ThreadPoolExecutor.java:624)
 java.lang.Thread.run(Thread.java:748)
23-Oct-2018 10:55:40.422 INFOS [main] org.apache.coyote.AbstractProtocol.stop Stopping ProtocolHandler ["http-nio-8080"]
23-Oct-2018 10:55:40.424 INFOS [main] org.apache.coyote.AbstractProtocol.stop Stopping ProtocolHandler ["ajp-nio-8009"]
23-Oct-2018 10:55:40.425 INFOS [main] org.apache.coyote.AbstractProtocol.destroy Destroying ProtocolHandler ["http-nio-8080"]
23-Oct-2018 10:55:40.425 INFOS [main] org.apache.coyote.AbstractProtocol.destroy Destroying ProtocolHandler ["ajp-nio-8009"]
23-Oct-2018 10:59:16.722 INFOS [main] org.apache.catalina.startup.VersionLoggerListener.log Server version:        Apache Tomcat/8.5.34
23-Oct-2018 10:59:16.743 INFOS [main] org.apache.catalina.startup.VersionLoggerListener.log Server built:          Sep 4 2018 22:28:22 UTC
23-Oct-2018 10:59:16.744 INFOS [main] org.apache.catalina.startup.VersionLoggerListener.log Server number:         8.5.34.0
23-Oct-2018 10:59:16.744 INFOS [main] org.apache.catalina.startup.VersionLoggerListener.log OS Name:               Linux
23-Oct-2018 10:59:16.744 INFOS [main] org.apache.catalina.startup.VersionLoggerListener.log OS Version:            4.9.0-8-amd64
23-Oct-2018 10:59:16.744 INFOS [main] org.apache.catalina.startup.VersionLoggerListener.log Architecture:          amd64
23-Oct-2018 10:59:16.744 INFOS [main] org.apache.catalina.startup.VersionLoggerListener.log Java Home:             /usr/lib/jvm/oracle-java8-jdk-amd64/jre
23-Oct-2018 10:59:16.744 INFOS [main] org.apache.catalina.startup.VersionLoggerListener.log JVM Version:           1.8.0_162-b12
23-Oct-2018 10:59:16.744 INFOS [main] org.apache.catalina.startup.VersionLoggerListener.log JVM Vendor:            Oracle Corporation
23-Oct-2018 10:59:16.744 INFOS [main] org.apache.catalina.startup.VersionLoggerListener.log CATALINA_BASE:         /autofs/netapp/travail/faudoy/Lescours/Master/S9/ProgWeb/TD4/apache-tomcat-8.5.34
23-Oct-2018 10:59:16.744 INFOS [main] org.apache.catalina.startup.VersionLoggerListener.log CATALINA_HOME:         /autofs/netapp/travail/faudoy/Lescours/Master/S9/ProgWeb/TD4/apache-tomcat-8.5.34
23-Oct-2018 10:59:16.744 INFOS [main] org.apache.catalina.startup.VersionLoggerListener.log Command line argument: -Djava.util.logging.config.file=/net/cremi/faudoy/espaces/travail/Lescours/Master/S9/ProgWeb/TD4/apache-tomcat-8.5.34/conf/logging.properties
23-Oct-2018 10:59:16.744 INFOS [main] org.apache.catalina.startup.VersionLoggerListener.log Command line argument: -Djava.util.logging.manager=org.apache.juli.ClassLoaderLogManager
23-Oct-2018 10:59:16.745 INFOS [main] org.apache.catalina.startup.VersionLoggerListener.log Command line argument: -Djdk.tls.ephemeralDHKeySize=2048
23-Oct-2018 10:59:16.745 INFOS [main] org.apache.catalina.startup.VersionLoggerListener.log Command line argument: -Djava.protocol.handler.pkgs=org.apache.catalina.webresources
23-Oct-2018 10:59:16.745 INFOS [main] org.apache.catalina.startup.VersionLoggerListener.log Command line argument: -Dorg.apache.catalina.security.SecurityListener.UMASK=0027
23-Oct-2018 10:59:16.745 INFOS [main] org.apache.catalina.startup.VersionLoggerListener.log Command line argument: -Dignore.endorsed.dirs=
23-Oct-2018 10:59:16.745 INFOS [main] org.apache.catalina.startup.VersionLoggerListener.log Command line argument: -Dcatalina.base=/net/cremi/faudoy/espaces/travail/Lescours/Master/S9/ProgWeb/TD4/apache-tomcat-8.5.34
23-Oct-2018 10:59:16.745 INFOS [main] org.apache.catalina.startup.VersionLoggerListener.log Command line argument: -Dcatalina.home=/net/cremi/faudoy/espaces/travail/Lescours/Master/S9/ProgWeb/TD4/apache-tomcat-8.5.34
23-Oct-2018 10:59:16.745 INFOS [main] org.apache.catalina.startup.VersionLoggerListener.log Command line argument: -Djava.io.tmpdir=/net/cremi/faudoy/espaces/travail/Lescours/Master/S9/ProgWeb/TD4/apache-tomcat-8.5.34/temp
23-Oct-2018 10:59:16.745 INFOS [main] org.apache.catalina.core.AprLifecycleListener.lifecycleEvent The APR based Apache Tomcat Native library which allows optimal performance in production environments was not found on the java.library.path: [/usr/java/packages/lib/amd64:/usr/lib64:/lib64:/lib:/usr/lib]
23-Oct-2018 10:59:16.953 INFOS [main] org.apache.coyote.AbstractProtocol.init Initializing ProtocolHandler ["http-nio-8080"]
23-Oct-2018 10:59:16.964 INFOS [main] org.apache.tomcat.util.net.NioSelectorPool.getSharedSelector Using a shared selector for servlet write/read
23-Oct-2018 10:59:16.977 INFOS [main] org.apache.coyote.AbstractProtocol.init Initializing ProtocolHandler ["ajp-nio-8009"]
23-Oct-2018 10:59:16.978 INFOS [main] org.apache.tomcat.util.net.NioSelectorPool.getSharedSelector Using a shared selector for servlet write/read
23-Oct-2018 10:59:16.978 INFOS [main] org.apache.catalina.startup.Catalina.load Initialization processed in 1976 ms
23-Oct-2018 10:59:17.051 INFOS [main] org.apache.catalina.core.StandardService.startInternal Démarrage du service [Catalina]
23-Oct-2018 10:59:17.051 INFOS [main] org.apache.catalina.core.StandardEngine.startInternal Starting Servlet Engine: Apache Tomcat/8.5.34
23-Oct-2018 10:59:17.185 INFOS [localhost-startStop-1] org.apache.catalina.startup.HostConfig.deployWAR Déploiement de l'archive [/autofs/netapp/travail/faudoy/Lescours/Master/S9/ProgWeb/TD4/apache-tomcat-8.5.34/webapps/HelloWorld.war] de l'application web
23-Oct-2018 10:59:17.841 INFOS [localhost-startStop-1] org.apache.catalina.startup.HostConfig.deployWAR Deployment of web application archive [/autofs/netapp/travail/faudoy/Lescours/Master/S9/ProgWeb/TD4/apache-tomcat-8.5.34/webapps/HelloWorld.war] has finished in [654] ms
23-Oct-2018 10:59:17.952 INFOS [localhost-startStop-1] org.apache.catalina.startup.HostConfig.deployWAR Déploiement de l'archive [/autofs/netapp/travail/faudoy/Lescours/Master/S9/ProgWeb/TD4/apache-tomcat-8.5.34/webapps/Contact.war] de l'application web
23-Oct-2018 10:59:19.795 INFOS [localhost-startStop-1] org.apache.jasper.servlet.TldScanner.scanJars At least one JAR was scanned for TLDs yet contained no TLDs. Enable debug logging for this logger for a complete list of JARs that were scanned but no TLDs were found in them. Skipping unneeded JARs during scanning can improve startup time and JSP compilation time.
23-Oct-2018 10:59:20.611 INFOS [localhost-startStop-1] org.apache.catalina.startup.HostConfig.deployWAR Deployment of web application archive [/autofs/netapp/travail/faudoy/Lescours/Master/S9/ProgWeb/TD4/apache-tomcat-8.5.34/webapps/Contact.war] has finished in [2 659] ms
23-Oct-2018 10:59:20.612 INFOS [localhost-startStop-1] org.apache.catalina.startup.HostConfig.deployDirectory Déploiement du répertoire [/autofs/netapp/travail/faudoy/Lescours/Master/S9/ProgWeb/TD4/apache-tomcat-8.5.34/webapps/ROOT] de l'application web
23-Oct-2018 10:59:20.685 INFOS [localhost-startStop-1] org.apache.catalina.startup.HostConfig.deployDirectory Deployment of web application directory [/autofs/netapp/travail/faudoy/Lescours/Master/S9/ProgWeb/TD4/apache-tomcat-8.5.34/webapps/ROOT] has finished in [73] ms
23-Oct-2018 10:59:20.685 INFOS [localhost-startStop-1] org.apache.catalina.startup.HostConfig.deployDirectory Déploiement du répertoire [/autofs/netapp/travail/faudoy/Lescours/Master/S9/ProgWeb/TD4/apache-tomcat-8.5.34/webapps/docs] de l'application web
23-Oct-2018 10:59:20.750 INFOS [localhost-startStop-1] org.apache.catalina.startup.HostConfig.deployDirectory Deployment of web application directory [/autofs/netapp/travail/faudoy/Lescours/Master/S9/ProgWeb/TD4/apache-tomcat-8.5.34/webapps/docs] has finished in [65] ms
23-Oct-2018 10:59:20.750 INFOS [localhost-startStop-1] org.apache.catalina.startup.HostConfig.deployDirectory Déploiement du répertoire [/autofs/netapp/travail/faudoy/Lescours/Master/S9/ProgWeb/TD4/apache-tomcat-8.5.34/webapps/examples] de l'application web
23-Oct-2018 10:59:23.050 INFOS [localhost-startStop-1] org.apache.catalina.startup.HostConfig.deployDirectory Deployment of web application directory [/autofs/netapp/travail/faudoy/Lescours/Master/S9/ProgWeb/TD4/apache-tomcat-8.5.34/webapps/examples] has finished in [2 300] ms
23-Oct-2018 10:59:23.051 INFOS [localhost-startStop-1] org.apache.catalina.startup.HostConfig.deployDirectory Déploiement du répertoire [/autofs/netapp/travail/faudoy/Lescours/Master/S9/ProgWeb/TD4/apache-tomcat-8.5.34/webapps/host-manager] de l'application web
23-Oct-2018 10:59:23.113 INFOS [localhost-startStop-1] org.apache.catalina.startup.HostConfig.deployDirectory Deployment of web application directory [/autofs/netapp/travail/faudoy/Lescours/Master/S9/ProgWeb/TD4/apache-tomcat-8.5.34/webapps/host-manager] has finished in [62] ms
23-Oct-2018 10:59:23.113 INFOS [localhost-startStop-1] org.apache.catalina.startup.HostConfig.deployDirectory Déploiement du répertoire [/autofs/netapp/travail/faudoy/Lescours/Master/S9/ProgWeb/TD4/apache-tomcat-8.5.34/webapps/manager] de l'application web
23-Oct-2018 10:59:23.249 INFOS [localhost-startStop-1] org.apache.catalina.startup.HostConfig.deployDirectory Deployment of web application directory [/autofs/netapp/travail/faudoy/Lescours/Master/S9/ProgWeb/TD4/apache-tomcat-8.5.34/webapps/manager] has finished in [136] ms
23-Oct-2018 10:59:23.249 INFOS [localhost-startStop-1] org.apache.catalina.startup.HostConfig.deployDirectory Déploiement du répertoire [/autofs/netapp/travail/faudoy/Lescours/Master/S9/ProgWeb/TD4/apache-tomcat-8.5.34/webapps/bin] de l'application web
23-Oct-2018 10:59:23.305 INFOS [localhost-startStop-1] org.apache.catalina.startup.HostConfig.deployDirectory Deployment of web application directory [/autofs/netapp/travail/faudoy/Lescours/Master/S9/ProgWeb/TD4/apache-tomcat-8.5.34/webapps/bin] has finished in [56] ms
23-Oct-2018 10:59:23.306 INFOS [localhost-startStop-1] org.apache.catalina.startup.HostConfig.deployDirectory Déploiement du répertoire [/autofs/netapp/travail/faudoy/Lescours/Master/S9/ProgWeb/TD4/apache-tomcat-8.5.34/webapps/hello] de l'application web
23-Oct-2018 10:59:24.450 INFOS [localhost-startStop-1] org.apache.catalina.startup.HostConfig.deployDirectory Deployment of web application directory [/autofs/netapp/travail/faudoy/Lescours/Master/S9/ProgWeb/TD4/apache-tomcat-8.5.34/webapps/hello] has finished in [1 143] ms
23-Oct-2018 10:59:24.450 INFOS [localhost-startStop-1] org.apache.catalina.startup.HostConfig.deployDirectory Déploiement du répertoire [/autofs/netapp/travail/faudoy/Lescours/Master/S9/ProgWeb/TD4/apache-tomcat-8.5.34/webapps/Redirection] de l'application web
23-Oct-2018 10:59:25.571 INFOS [localhost-startStop-1] org.apache.catalina.startup.HostConfig.deployDirectory Deployment of web application directory [/autofs/netapp/travail/faudoy/Lescours/Master/S9/ProgWeb/TD4/apache-tomcat-8.5.34/webapps/Redirection] has finished in [1 121] ms
23-Oct-2018 10:59:25.576 INFOS [main] org.apache.coyote.AbstractProtocol.start Starting ProtocolHandler ["http-nio-8080"]
23-Oct-2018 10:59:25.585 INFOS [main] org.apache.coyote.AbstractProtocol.start Starting ProtocolHandler ["ajp-nio-8009"]
23-Oct-2018 10:59:25.586 INFOS [main] org.apache.catalina.startup.Catalina.start Server startup in 8607 ms
23-Oct-2018 10:59:29.734 INFOS [http-nio-8080-exec-3] com.mongodb.diagnostics.logging.JULLogger.log Cluster created with settings {hosts=[ds137913.mlab.com:37913], mode=SINGLE, requiredClusterType=UNKNOWN, serverSelectionTimeout='30000 ms', maxWaitQueueSize=500}
23-Oct-2018 10:59:29.829 INFOS [http-nio-8080-exec-3] com.mongodb.diagnostics.logging.JULLogger.log No server chosen by ReadPreferenceServerSelector{readPreference=primary} from cluster description ClusterDescription{type=UNKNOWN, connectionMode=SINGLE, all=[ServerDescription{address=ds137913.mlab.com:37913, type=UNKNOWN, state=CONNECTING}]}. Waiting for 30000 ms before timing out
23-Oct-2018 10:59:31.070 INFOS [cluster-ClusterId{value='5bcee2f1c9d00e4b4a7e0752', description='null'}-ds137913.mlab.com:37913] com.mongodb.diagnostics.logging.JULLogger.log Opened connection [connectionId{localValue:1, serverValue:21181}] to ds137913.mlab.com:37913
23-Oct-2018 10:59:31.102 INFOS [cluster-ClusterId{value='5bcee2f1c9d00e4b4a7e0752', description='null'}-ds137913.mlab.com:37913] com.mongodb.diagnostics.logging.JULLogger.log Monitor thread successfully connected to server with description ServerDescription{address=ds137913.mlab.com:37913, type=REPLICA_SET_PRIMARY, state=CONNECTED, ok=true, version=ServerVersion{versionList=[3, 6, 8]}, minWireVersion=0, maxWireVersion=6, maxDocumentSize=16777216, roundTripTimeNanos=31713578, setName='rs-ds137913', canonicalAddress=ds137913-a.mlab.com:37913, hosts=[ds137913-a.mlab.com:37913], passives=[], arbiters=[], primary='ds137913-a.mlab.com:37913', tagSet=TagSet{[]}, electionId=7fffffff0000000000000001, setVersion=1}
23-Oct-2018 10:59:31.351 INFOS [http-nio-8080-exec-3] com.mongodb.diagnostics.logging.JULLogger.log Opened connection [connectionId{localValue:2, serverValue:21182}] to ds137913.mlab.com:37913
23-Oct-2018 10:59:44.423 INFOS [http-nio-8080-exec-5] com.mongodb.diagnostics.logging.JULLogger.log Cluster created with settings {hosts=[ds137913.mlab.com:37913], mode=SINGLE, requiredClusterType=UNKNOWN, serverSelectionTimeout='30000 ms', maxWaitQueueSize=500}
23-Oct-2018 10:59:44.443 INFOS [http-nio-8080-exec-5] com.mongodb.diagnostics.logging.JULLogger.log Cluster created with settings {hosts=[127.0.0.1:27017], mode=SINGLE, requiredClusterType=UNKNOWN, serverSelectionTimeout='30000 ms', maxWaitQueueSize=500}
23-Oct-2018 10:59:44.445 INFOS [cluster-ClusterId{value='5bcee300c9d00e4b4a7e0754', description='null'}-127.0.0.1:27017] com.mongodb.diagnostics.logging.JULLogger.log Exception in monitor thread while connecting to server 127.0.0.1:27017
 com.mongodb.MongoSocketOpenException: Exception opening socket
	at com.mongodb.connection.SocketStream.open(SocketStream.java:63)
	at com.mongodb.connection.InternalStreamConnection.open(InternalStreamConnection.java:114)
	at com.mongodb.connection.DefaultServerMonitor$ServerMonitorRunnable.run(DefaultServerMonitor.java:128)
	at java.lang.Thread.run(Thread.java:748)
Caused by: java.net.ConnectException: Connexion refusée (Connection refused)
	at java.net.PlainSocketImpl.socketConnect(Native Method)
	at java.net.AbstractPlainSocketImpl.doConnect(AbstractPlainSocketImpl.java:350)
	at java.net.AbstractPlainSocketImpl.connectToAddress(AbstractPlainSocketImpl.java:206)
	at java.net.AbstractPlainSocketImpl.connect(AbstractPlainSocketImpl.java:188)
	at java.net.SocksSocketImpl.connect(SocksSocketImpl.java:392)
	at java.net.Socket.connect(Socket.java:589)
	at com.mongodb.connection.SocketStreamHelper.initialize(SocketStreamHelper.java:50)
	at com.mongodb.connection.SocketStream.open(SocketStream.java:58)
	... 3 more

23-Oct-2018 10:59:44.462 INFOS [http-nio-8080-exec-5] com.mongodb.diagnostics.logging.JULLogger.log No server chosen by WritableServerSelector from cluster description ClusterDescription{type=UNKNOWN, connectionMode=SINGLE, all=[ServerDescription{address=ds137913.mlab.com:37913, type=UNKNOWN, state=CONNECTING}]}. Waiting for 30000 ms before timing out
23-Oct-2018 10:59:44.670 INFOS [cluster-ClusterId{value='5bcee300c9d00e4b4a7e0753', description='null'}-ds137913.mlab.com:37913] com.mongodb.diagnostics.logging.JULLogger.log Opened connection [connectionId{localValue:3, serverValue:21183}] to ds137913.mlab.com:37913
23-Oct-2018 10:59:44.702 INFOS [cluster-ClusterId{value='5bcee300c9d00e4b4a7e0753', description='null'}-ds137913.mlab.com:37913] com.mongodb.diagnostics.logging.JULLogger.log Monitor thread successfully connected to server with description ServerDescription{address=ds137913.mlab.com:37913, type=REPLICA_SET_PRIMARY, state=CONNECTED, ok=true, version=ServerVersion{versionList=[3, 6, 8]}, minWireVersion=0, maxWireVersion=6, maxDocumentSize=16777216, roundTripTimeNanos=31731071, setName='rs-ds137913', canonicalAddress=ds137913-a.mlab.com:37913, hosts=[ds137913-a.mlab.com:37913], passives=[], arbiters=[], primary='ds137913-a.mlab.com:37913', tagSet=TagSet{[]}, electionId=7fffffff0000000000000001, setVersion=1}
23-Oct-2018 10:59:44.946 INFOS [http-nio-8080-exec-5] com.mongodb.diagnostics.logging.JULLogger.log Opened connection [connectionId{localValue:5, serverValue:21184}] to ds137913.mlab.com:37913
23-Oct-2018 10:59:45.003 INFOS [http-nio-8080-exec-5] com.mongodb.diagnostics.logging.JULLogger.log Closed connection [connectionId{localValue:5, serverValue:21184}] to ds137913.mlab.com:37913 because the pool has been closed.
23-Oct-2018 10:59:45.095 INFOS [http-nio-8080-exec-7] com.mongodb.diagnostics.logging.JULLogger.log Cluster created with settings {hosts=[ds137913.mlab.com:37913], mode=SINGLE, requiredClusterType=UNKNOWN, serverSelectionTimeout='30000 ms', maxWaitQueueSize=500}
23-Oct-2018 10:59:45.098 INFOS [http-nio-8080-exec-7] com.mongodb.diagnostics.logging.JULLogger.log No server chosen by ReadPreferenceServerSelector{readPreference=primary} from cluster description ClusterDescription{type=UNKNOWN, connectionMode=SINGLE, all=[ServerDescription{address=ds137913.mlab.com:37913, type=UNKNOWN, state=CONNECTING}]}. Waiting for 30000 ms before timing out
23-Oct-2018 10:59:45.340 INFOS [cluster-ClusterId{value='5bcee301c9d00e4b4a7e0756', description='null'}-ds137913.mlab.com:37913] com.mongodb.diagnostics.logging.JULLogger.log Opened connection [connectionId{localValue:6, serverValue:21185}] to ds137913.mlab.com:37913
23-Oct-2018 10:59:45.372 INFOS [cluster-ClusterId{value='5bcee301c9d00e4b4a7e0756', description='null'}-ds137913.mlab.com:37913] com.mongodb.diagnostics.logging.JULLogger.log Monitor thread successfully connected to server with description ServerDescription{address=ds137913.mlab.com:37913, type=REPLICA_SET_PRIMARY, state=CONNECTED, ok=true, version=ServerVersion{versionList=[3, 6, 8]}, minWireVersion=0, maxWireVersion=6, maxDocumentSize=16777216, roundTripTimeNanos=31636098, setName='rs-ds137913', canonicalAddress=ds137913-a.mlab.com:37913, hosts=[ds137913-a.mlab.com:37913], passives=[], arbiters=[], primary='ds137913-a.mlab.com:37913', tagSet=TagSet{[]}, electionId=7fffffff0000000000000001, setVersion=1}
23-Oct-2018 10:59:45.614 INFOS [http-nio-8080-exec-7] com.mongodb.diagnostics.logging.JULLogger.log Opened connection [connectionId{localValue:7, serverValue:21186}] to ds137913.mlab.com:37913
23-Oct-2018 10:59:51.345 INFOS [http-nio-8080-exec-8] com.mongodb.diagnostics.logging.JULLogger.log Cluster created with settings {hosts=[ds137913.mlab.com:37913], mode=SINGLE, requiredClusterType=UNKNOWN, serverSelectionTimeout='30000 ms', maxWaitQueueSize=500}
23-Oct-2018 10:59:51.353 INFOS [http-nio-8080-exec-8] com.mongodb.diagnostics.logging.JULLogger.log Cluster created with settings {hosts=[127.0.0.1:27017], mode=SINGLE, requiredClusterType=UNKNOWN, serverSelectionTimeout='30000 ms', maxWaitQueueSize=500}
23-Oct-2018 10:59:51.355 INFOS [cluster-ClusterId{value='5bcee307c9d00e4b4a7e0758', description='null'}-127.0.0.1:27017] com.mongodb.diagnostics.logging.JULLogger.log Exception in monitor thread while connecting to server 127.0.0.1:27017
 com.mongodb.MongoSocketOpenException: Exception opening socket
	at com.mongodb.connection.SocketStream.open(SocketStream.java:63)
	at com.mongodb.connection.InternalStreamConnection.open(InternalStreamConnection.java:114)
	at com.mongodb.connection.DefaultServerMonitor$ServerMonitorRunnable.run(DefaultServerMonitor.java:128)
	at java.lang.Thread.run(Thread.java:748)
Caused by: java.net.ConnectException: Connexion refusée (Connection refused)
	at java.net.PlainSocketImpl.socketConnect(Native Method)
	at java.net.AbstractPlainSocketImpl.doConnect(AbstractPlainSocketImpl.java:350)
	at java.net.AbstractPlainSocketImpl.connectToAddress(AbstractPlainSocketImpl.java:206)
	at java.net.AbstractPlainSocketImpl.connect(AbstractPlainSocketImpl.java:188)
	at java.net.SocksSocketImpl.connect(SocksSocketImpl.java:392)
	at java.net.Socket.connect(Socket.java:589)
	at com.mongodb.connection.SocketStreamHelper.initialize(SocketStreamHelper.java:50)
	at com.mongodb.connection.SocketStream.open(SocketStream.java:58)
	... 3 more

23-Oct-2018 10:59:51.355 INFOS [http-nio-8080-exec-8] com.mongodb.diagnostics.logging.JULLogger.log No server chosen by WritableServerSelector from cluster description ClusterDescription{type=UNKNOWN, connectionMode=SINGLE, all=[ServerDescription{address=ds137913.mlab.com:37913, type=UNKNOWN, state=CONNECTING}]}. Waiting for 30000 ms before timing out
23-Oct-2018 10:59:51.588 INFOS [cluster-ClusterId{value='5bcee307c9d00e4b4a7e0757', description='null'}-ds137913.mlab.com:37913] com.mongodb.diagnostics.logging.JULLogger.log Opened connection [connectionId{localValue:8, serverValue:21187}] to ds137913.mlab.com:37913
23-Oct-2018 10:59:51.620 INFOS [cluster-ClusterId{value='5bcee307c9d00e4b4a7e0757', description='null'}-ds137913.mlab.com:37913] com.mongodb.diagnostics.logging.JULLogger.log Monitor thread successfully connected to server with description ServerDescription{address=ds137913.mlab.com:37913, type=REPLICA_SET_PRIMARY, state=CONNECTED, ok=true, version=ServerVersion{versionList=[3, 6, 8]}, minWireVersion=0, maxWireVersion=6, maxDocumentSize=16777216, roundTripTimeNanos=31509706, setName='rs-ds137913', canonicalAddress=ds137913-a.mlab.com:37913, hosts=[ds137913-a.mlab.com:37913], passives=[], arbiters=[], primary='ds137913-a.mlab.com:37913', tagSet=TagSet{[]}, electionId=7fffffff0000000000000001, setVersion=1}
23-Oct-2018 10:59:51.864 INFOS [http-nio-8080-exec-8] com.mongodb.diagnostics.logging.JULLogger.log Opened connection [connectionId{localValue:10, serverValue:21188}] to ds137913.mlab.com:37913
23-Oct-2018 10:59:51.896 INFOS [http-nio-8080-exec-8] com.mongodb.diagnostics.logging.JULLogger.log Closed connection [connectionId{localValue:10, serverValue:21188}] to ds137913.mlab.com:37913 because the pool has been closed.
23-Oct-2018 10:59:51.974 INFOS [http-nio-8080-exec-1] com.mongodb.diagnostics.logging.JULLogger.log Cluster created with settings {hosts=[ds137913.mlab.com:37913], mode=SINGLE, requiredClusterType=UNKNOWN, serverSelectionTimeout='30000 ms', maxWaitQueueSize=500}
23-Oct-2018 10:59:51.977 INFOS [http-nio-8080-exec-1] com.mongodb.diagnostics.logging.JULLogger.log No server chosen by ReadPreferenceServerSelector{readPreference=primary} from cluster description ClusterDescription{type=UNKNOWN, connectionMode=SINGLE, all=[ServerDescription{address=ds137913.mlab.com:37913, type=UNKNOWN, state=CONNECTING}]}. Waiting for 30000 ms before timing out
23-Oct-2018 10:59:52.207 INFOS [cluster-ClusterId{value='5bcee307c9d00e4b4a7e075a', description='null'}-ds137913.mlab.com:37913] com.mongodb.diagnostics.logging.JULLogger.log Opened connection [connectionId{localValue:11, serverValue:21189}] to ds137913.mlab.com:37913
23-Oct-2018 10:59:52.239 INFOS [cluster-ClusterId{value='5bcee307c9d00e4b4a7e075a', description='null'}-ds137913.mlab.com:37913] com.mongodb.diagnostics.logging.JULLogger.log Monitor thread successfully connected to server with description ServerDescription{address=ds137913.mlab.com:37913, type=REPLICA_SET_PRIMARY, state=CONNECTED, ok=true, version=ServerVersion{versionList=[3, 6, 8]}, minWireVersion=0, maxWireVersion=6, maxDocumentSize=16777216, roundTripTimeNanos=31551913, setName='rs-ds137913', canonicalAddress=ds137913-a.mlab.com:37913, hosts=[ds137913-a.mlab.com:37913], passives=[], arbiters=[], primary='ds137913-a.mlab.com:37913', tagSet=TagSet{[]}, electionId=7fffffff0000000000000001, setVersion=1}
23-Oct-2018 10:59:52.484 INFOS [http-nio-8080-exec-1] com.mongodb.diagnostics.logging.JULLogger.log Opened connection [connectionId{localValue:12, serverValue:21190}] to ds137913.mlab.com:37913
23-Oct-2018 11:48:15.028 INFOS [http-nio-8080-exec-4] com.mongodb.diagnostics.logging.JULLogger.log Cluster created with settings {hosts=[ds137913.mlab.com:37913], mode=SINGLE, requiredClusterType=UNKNOWN, serverSelectionTimeout='30000 ms', maxWaitQueueSize=500}
23-Oct-2018 11:48:15.034 INFOS [http-nio-8080-exec-4] com.mongodb.diagnostics.logging.JULLogger.log Cluster created with settings {hosts=[127.0.0.1:27017], mode=SINGLE, requiredClusterType=UNKNOWN, serverSelectionTimeout='30000 ms', maxWaitQueueSize=500}
23-Oct-2018 11:48:15.035 INFOS [cluster-ClusterId{value='5bceee5fc9d00e4b4a7e075c', description='null'}-127.0.0.1:27017] com.mongodb.diagnostics.logging.JULLogger.log Exception in monitor thread while connecting to server 127.0.0.1:27017
 com.mongodb.MongoSocketOpenException: Exception opening socket
	at com.mongodb.connection.SocketStream.open(SocketStream.java:63)
	at com.mongodb.connection.InternalStreamConnection.open(InternalStreamConnection.java:114)
	at com.mongodb.connection.DefaultServerMonitor$ServerMonitorRunnable.run(DefaultServerMonitor.java:128)
	at java.lang.Thread.run(Thread.java:748)
Caused by: java.net.ConnectException: Connexion refusée (Connection refused)
	at java.net.PlainSocketImpl.socketConnect(Native Method)
	at java.net.AbstractPlainSocketImpl.doConnect(AbstractPlainSocketImpl.java:350)
	at java.net.AbstractPlainSocketImpl.connectToAddress(AbstractPlainSocketImpl.java:206)
	at java.net.AbstractPlainSocketImpl.connect(AbstractPlainSocketImpl.java:188)
	at java.net.SocksSocketImpl.connect(SocksSocketImpl.java:392)
	at java.net.Socket.connect(Socket.java:589)
	at com.mongodb.connection.SocketStreamHelper.initialize(SocketStreamHelper.java:50)
	at com.mongodb.connection.SocketStream.open(SocketStream.java:58)
	... 3 more

23-Oct-2018 11:48:15.037 INFOS [http-nio-8080-exec-4] com.mongodb.diagnostics.logging.JULLogger.log No server chosen by WritableServerSelector from cluster description ClusterDescription{type=UNKNOWN, connectionMode=SINGLE, all=[ServerDescription{address=ds137913.mlab.com:37913, type=UNKNOWN, state=CONNECTING}]}. Waiting for 30000 ms before timing out
23-Oct-2018 11:48:15.457 INFOS [cluster-ClusterId{value='5bceee5fc9d00e4b4a7e075b', description='null'}-ds137913.mlab.com:37913] com.mongodb.diagnostics.logging.JULLogger.log Opened connection [connectionId{localValue:594, serverValue:21761}] to ds137913.mlab.com:37913
23-Oct-2018 11:48:15.488 INFOS [cluster-ClusterId{value='5bceee5fc9d00e4b4a7e075b', description='null'}-ds137913.mlab.com:37913] com.mongodb.diagnostics.logging.JULLogger.log Monitor thread successfully connected to server with description ServerDescription{address=ds137913.mlab.com:37913, type=REPLICA_SET_PRIMARY, state=CONNECTED, ok=true, version=ServerVersion{versionList=[3, 6, 8]}, minWireVersion=0, maxWireVersion=6, maxDocumentSize=16777216, roundTripTimeNanos=31209476, setName='rs-ds137913', canonicalAddress=ds137913-a.mlab.com:37913, hosts=[ds137913-a.mlab.com:37913], passives=[], arbiters=[], primary='ds137913-a.mlab.com:37913', tagSet=TagSet{[]}, electionId=7fffffff0000000000000001, setVersion=1}
23-Oct-2018 11:48:15.725 INFOS [http-nio-8080-exec-4] com.mongodb.diagnostics.logging.JULLogger.log Opened connection [connectionId{localValue:596, serverValue:21762}] to ds137913.mlab.com:37913
23-Oct-2018 11:48:15.758 INFOS [http-nio-8080-exec-4] com.mongodb.diagnostics.logging.JULLogger.log Closed connection [connectionId{localValue:596, serverValue:21762}] to ds137913.mlab.com:37913 because the pool has been closed.
23-Oct-2018 11:48:15.842 INFOS [http-nio-8080-exec-5] com.mongodb.diagnostics.logging.JULLogger.log Cluster created with settings {hosts=[ds137913.mlab.com:37913], mode=SINGLE, requiredClusterType=UNKNOWN, serverSelectionTimeout='30000 ms', maxWaitQueueSize=500}
23-Oct-2018 11:48:15.843 INFOS [http-nio-8080-exec-5] com.mongodb.diagnostics.logging.JULLogger.log No server chosen by ReadPreferenceServerSelector{readPreference=primary} from cluster description ClusterDescription{type=UNKNOWN, connectionMode=SINGLE, all=[ServerDescription{address=ds137913.mlab.com:37913, type=UNKNOWN, state=CONNECTING}]}. Waiting for 30000 ms before timing out
23-Oct-2018 11:48:16.073 INFOS [cluster-ClusterId{value='5bceee5fc9d00e4b4a7e075e', description='null'}-ds137913.mlab.com:37913] com.mongodb.diagnostics.logging.JULLogger.log Opened connection [connectionId{localValue:597, serverValue:21763}] to ds137913.mlab.com:37913
23-Oct-2018 11:48:16.104 INFOS [cluster-ClusterId{value='5bceee5fc9d00e4b4a7e075e', description='null'}-ds137913.mlab.com:37913] com.mongodb.diagnostics.logging.JULLogger.log Monitor thread successfully connected to server with description ServerDescription{address=ds137913.mlab.com:37913, type=REPLICA_SET_PRIMARY, state=CONNECTED, ok=true, version=ServerVersion{versionList=[3, 6, 8]}, minWireVersion=0, maxWireVersion=6, maxDocumentSize=16777216, roundTripTimeNanos=31127356, setName='rs-ds137913', canonicalAddress=ds137913-a.mlab.com:37913, hosts=[ds137913-a.mlab.com:37913], passives=[], arbiters=[], primary='ds137913-a.mlab.com:37913', tagSet=TagSet{[]}, electionId=7fffffff0000000000000001, setVersion=1}
23-Oct-2018 11:48:16.345 INFOS [http-nio-8080-exec-5] com.mongodb.diagnostics.logging.JULLogger.log Opened connection [connectionId{localValue:598, serverValue:21764}] to ds137913.mlab.com:37913
23-Oct-2018 11:55:10.721 INFOS [main] org.apache.catalina.core.StandardServer.await A valid shutdown command was received via the shutdown port. Stopping the Server instance.
23-Oct-2018 11:55:10.721 INFOS [main] org.apache.coyote.AbstractProtocol.pause Pausing ProtocolHandler ["http-nio-8080"]
23-Oct-2018 11:55:10.772 INFOS [main] org.apache.coyote.AbstractProtocol.pause Pausing ProtocolHandler ["ajp-nio-8009"]
23-Oct-2018 11:55:10.823 INFOS [main] org.apache.catalina.core.StandardService.stopInternal Arrêt du service [Catalina]
23-Oct-2018 11:55:10.909 AVERTISSEMENT [localhost-startStop-2] org.apache.catalina.loader.WebappClassLoaderBase.clearReferencesThreads The web application [Contact] appears to have started a thread named [cluster-ClusterId{value='5bcee2f1c9d00e4b4a7e0752', description='null'}-ds137913.mlab.com:37913] but has failed to stop it. This is very likely to create a memory leak. Stack trace of thread:
 sun.misc.Unsafe.park(Native Method)
 java.util.concurrent.locks.LockSupport.parkNanos(LockSupport.java:215)
 java.util.concurrent.locks.AbstractQueuedSynchronizer$ConditionObject.awaitNanos(AbstractQueuedSynchronizer.java:2078)
 com.mongodb.connection.DefaultServerMonitor$ServerMonitorRunnable.waitForSignalOrTimeout(DefaultServerMonitor.java:238)
 com.mongodb.connection.DefaultServerMonitor$ServerMonitorRunnable.waitForNext(DefaultServerMonitor.java:219)
 com.mongodb.connection.DefaultServerMonitor$ServerMonitorRunnable.run(DefaultServerMonitor.java:168)
 java.lang.Thread.run(Thread.java:748)
23-Oct-2018 11:55:10.910 AVERTISSEMENT [localhost-startStop-2] org.apache.catalina.loader.WebappClassLoaderBase.clearReferencesThreads The web application [Contact] appears to have started a thread named [pool-2-thread-1] but has failed to stop it. This is very likely to create a memory leak. Stack trace of thread:
 sun.misc.Unsafe.park(Native Method)
 java.util.concurrent.locks.LockSupport.parkNanos(LockSupport.java:215)
 java.util.concurrent.locks.AbstractQueuedSynchronizer$ConditionObject.awaitNanos(AbstractQueuedSynchronizer.java:2078)
 java.util.concurrent.ScheduledThreadPoolExecutor$DelayedWorkQueue.take(ScheduledThreadPoolExecutor.java:1093)
 java.util.concurrent.ScheduledThreadPoolExecutor$DelayedWorkQueue.take(ScheduledThreadPoolExecutor.java:809)
 java.util.concurrent.ThreadPoolExecutor.getTask(ThreadPoolExecutor.java:1074)
 java.util.concurrent.ThreadPoolExecutor.runWorker(ThreadPoolExecutor.java:1134)
 java.util.concurrent.ThreadPoolExecutor$Worker.run(ThreadPoolExecutor.java:624)
 java.lang.Thread.run(Thread.java:748)
23-Oct-2018 11:55:10.910 AVERTISSEMENT [localhost-startStop-2] org.apache.catalina.loader.WebappClassLoaderBase.clearReferencesThreads The web application [Contact] appears to have started a thread named [cluster-ClusterId{value='5bcee300c9d00e4b4a7e0754', description='null'}-127.0.0.1:27017] but has failed to stop it. This is very likely to create a memory leak. Stack trace of thread:
 sun.misc.Unsafe.park(Native Method)
 java.util.concurrent.locks.LockSupport.parkNanos(LockSupport.java:215)
 java.util.concurrent.locks.AbstractQueuedSynchronizer$ConditionObject.awaitNanos(AbstractQueuedSynchronizer.java:2078)
 com.mongodb.connection.DefaultServerMonitor$ServerMonitorRunnable.waitForSignalOrTimeout(DefaultServerMonitor.java:238)
 com.mongodb.connection.DefaultServerMonitor$ServerMonitorRunnable.waitForNext(DefaultServerMonitor.java:219)
 com.mongodb.connection.DefaultServerMonitor$ServerMonitorRunnable.run(DefaultServerMonitor.java:168)
 java.lang.Thread.run(Thread.java:748)
23-Oct-2018 11:55:10.911 AVERTISSEMENT [localhost-startStop-2] org.apache.catalina.loader.WebappClassLoaderBase.clearReferencesThreads The web application [Contact] appears to have started a thread named [pool-4-thread-1] but has failed to stop it. This is very likely to create a memory leak. Stack trace of thread:
 sun.misc.Unsafe.park(Native Method)
 java.util.concurrent.locks.LockSupport.parkNanos(LockSupport.java:215)
 java.util.concurrent.locks.AbstractQueuedSynchronizer$ConditionObject.awaitNanos(AbstractQueuedSynchronizer.java:2078)
 java.util.concurrent.ScheduledThreadPoolExecutor$DelayedWorkQueue.take(ScheduledThreadPoolExecutor.java:1093)
 java.util.concurrent.ScheduledThreadPoolExecutor$DelayedWorkQueue.take(ScheduledThreadPoolExecutor.java:809)
 java.util.concurrent.ThreadPoolExecutor.getTask(ThreadPoolExecutor.java:1074)
 java.util.concurrent.ThreadPoolExecutor.runWorker(ThreadPoolExecutor.java:1134)
 java.util.concurrent.ThreadPoolExecutor$Worker.run(ThreadPoolExecutor.java:624)
 java.lang.Thread.run(Thread.java:748)
23-Oct-2018 11:55:10.911 AVERTISSEMENT [localhost-startStop-2] org.apache.catalina.loader.WebappClassLoaderBase.clearReferencesThreads The web application [Contact] appears to have started a thread named [cluster-ClusterId{value='5bcee301c9d00e4b4a7e0756', description='null'}-ds137913.mlab.com:37913] but has failed to stop it. This is very likely to create a memory leak. Stack trace of thread:
 sun.misc.Unsafe.park(Native Method)
 java.util.concurrent.locks.LockSupport.parkNanos(LockSupport.java:215)
 java.util.concurrent.locks.AbstractQueuedSynchronizer$ConditionObject.awaitNanos(AbstractQueuedSynchronizer.java:2078)
 com.mongodb.connection.DefaultServerMonitor$ServerMonitorRunnable.waitForSignalOrTimeout(DefaultServerMonitor.java:238)
 com.mongodb.connection.DefaultServerMonitor$ServerMonitorRunnable.waitForNext(DefaultServerMonitor.java:219)
 com.mongodb.connection.DefaultServerMonitor$ServerMonitorRunnable.run(DefaultServerMonitor.java:168)
 java.lang.Thread.run(Thread.java:748)
23-Oct-2018 11:55:10.912 AVERTISSEMENT [localhost-startStop-2] org.apache.catalina.loader.WebappClassLoaderBase.clearReferencesThreads The web application [Contact] appears to have started a thread named [pool-5-thread-1] but has failed to stop it. This is very likely to create a memory leak. Stack trace of thread:
 sun.misc.Unsafe.park(Native Method)
 java.util.concurrent.locks.LockSupport.parkNanos(LockSupport.java:215)
 java.util.concurrent.locks.AbstractQueuedSynchronizer$ConditionObject.awaitNanos(AbstractQueuedSynchronizer.java:2078)
 java.util.concurrent.ScheduledThreadPoolExecutor$DelayedWorkQueue.take(ScheduledThreadPoolExecutor.java:1093)
 java.util.concurrent.ScheduledThreadPoolExecutor$DelayedWorkQueue.take(ScheduledThreadPoolExecutor.java:809)
 java.util.concurrent.ThreadPoolExecutor.getTask(ThreadPoolExecutor.java:1074)
 java.util.concurrent.ThreadPoolExecutor.runWorker(ThreadPoolExecutor.java:1134)
 java.util.concurrent.ThreadPoolExecutor$Worker.run(ThreadPoolExecutor.java:624)
 java.lang.Thread.run(Thread.java:748)
23-Oct-2018 11:55:10.912 AVERTISSEMENT [localhost-startStop-2] org.apache.catalina.loader.WebappClassLoaderBase.clearReferencesThreads The web application [Contact] appears to have started a thread named [cluster-ClusterId{value='5bcee307c9d00e4b4a7e0758', description='null'}-127.0.0.1:27017] but has failed to stop it. This is very likely to create a memory leak. Stack trace of thread:
 sun.misc.Unsafe.park(Native Method)
 java.util.concurrent.locks.LockSupport.parkNanos(LockSupport.java:215)
 java.util.concurrent.locks.AbstractQueuedSynchronizer$ConditionObject.awaitNanos(AbstractQueuedSynchronizer.java:2078)
 com.mongodb.connection.DefaultServerMonitor$ServerMonitorRunnable.waitForSignalOrTimeout(DefaultServerMonitor.java:238)
 com.mongodb.connection.DefaultServerMonitor$ServerMonitorRunnable.waitForNext(DefaultServerMonitor.java:219)
 com.mongodb.connection.DefaultServerMonitor$ServerMonitorRunnable.run(DefaultServerMonitor.java:168)
 java.lang.Thread.run(Thread.java:748)
23-Oct-2018 11:55:10.913 AVERTISSEMENT [localhost-startStop-2] org.apache.catalina.loader.WebappClassLoaderBase.clearReferencesThreads The web application [Contact] appears to have started a thread named [pool-7-thread-1] but has failed to stop it. This is very likely to create a memory leak. Stack trace of thread:
 sun.misc.Unsafe.park(Native Method)
 java.util.concurrent.locks.LockSupport.parkNanos(LockSupport.java:215)
 java.util.concurrent.locks.AbstractQueuedSynchronizer$ConditionObject.awaitNanos(AbstractQueuedSynchronizer.java:2078)
 java.util.concurrent.ScheduledThreadPoolExecutor$DelayedWorkQueue.take(ScheduledThreadPoolExecutor.java:1093)
 java.util.concurrent.ScheduledThreadPoolExecutor$DelayedWorkQueue.take(ScheduledThreadPoolExecutor.java:809)
 java.util.concurrent.ThreadPoolExecutor.getTask(ThreadPoolExecutor.java:1074)
 java.util.concurrent.ThreadPoolExecutor.runWorker(ThreadPoolExecutor.java:1134)
 java.util.concurrent.ThreadPoolExecutor$Worker.run(ThreadPoolExecutor.java:624)
 java.lang.Thread.run(Thread.java:748)
23-Oct-2018 11:55:10.913 AVERTISSEMENT [localhost-startStop-2] org.apache.catalina.loader.WebappClassLoaderBase.clearReferencesThreads The web application [Contact] appears to have started a thread named [cluster-ClusterId{value='5bcee307c9d00e4b4a7e075a', description='null'}-ds137913.mlab.com:37913] but has failed to stop it. This is very likely to create a memory leak. Stack trace of thread:
 sun.misc.Unsafe.park(Native Method)
 java.util.concurrent.locks.LockSupport.parkNanos(LockSupport.java:215)
 java.util.concurrent.locks.AbstractQueuedSynchronizer$ConditionObject.awaitNanos(AbstractQueuedSynchronizer.java:2078)
 com.mongodb.connection.DefaultServerMonitor$ServerMonitorRunnable.waitForSignalOrTimeout(DefaultServerMonitor.java:238)
 com.mongodb.connection.DefaultServerMonitor$ServerMonitorRunnable.waitForNext(DefaultServerMonitor.java:219)
 com.mongodb.connection.DefaultServerMonitor$ServerMonitorRunnable.run(DefaultServerMonitor.java:168)
 java.lang.Thread.run(Thread.java:748)
23-Oct-2018 11:55:10.914 AVERTISSEMENT [localhost-startStop-2] org.apache.catalina.loader.WebappClassLoaderBase.clearReferencesThreads The web application [Contact] appears to have started a thread named [pool-8-thread-1] but has failed to stop it. This is very likely to create a memory leak. Stack trace of thread:
 sun.misc.Unsafe.park(Native Method)
 java.util.concurrent.locks.LockSupport.parkNanos(LockSupport.java:215)
 java.util.concurrent.locks.AbstractQueuedSynchronizer$ConditionObject.awaitNanos(AbstractQueuedSynchronizer.java:2078)
 java.util.concurrent.ScheduledThreadPoolExecutor$DelayedWorkQueue.take(ScheduledThreadPoolExecutor.java:1093)
 java.util.concurrent.ScheduledThreadPoolExecutor$DelayedWorkQueue.take(ScheduledThreadPoolExecutor.java:809)
 java.util.concurrent.ThreadPoolExecutor.getTask(ThreadPoolExecutor.java:1074)
 java.util.concurrent.ThreadPoolExecutor.runWorker(ThreadPoolExecutor.java:1134)
 java.util.concurrent.ThreadPoolExecutor$Worker.run(ThreadPoolExecutor.java:624)
 java.lang.Thread.run(Thread.java:748)
23-Oct-2018 11:55:10.914 AVERTISSEMENT [localhost-startStop-2] org.apache.catalina.loader.WebappClassLoaderBase.clearReferencesThreads The web application [Contact] appears to have started a thread named [cluster-ClusterId{value='5bceee5fc9d00e4b4a7e075c', description='null'}-127.0.0.1:27017] but has failed to stop it. This is very likely to create a memory leak. Stack trace of thread:
 sun.misc.Unsafe.park(Native Method)
 java.util.concurrent.locks.LockSupport.parkNanos(LockSupport.java:215)
 java.util.concurrent.locks.AbstractQueuedSynchronizer$ConditionObject.awaitNanos(AbstractQueuedSynchronizer.java:2078)
 com.mongodb.connection.DefaultServerMonitor$ServerMonitorRunnable.waitForSignalOrTimeout(DefaultServerMonitor.java:238)
 com.mongodb.connection.DefaultServerMonitor$ServerMonitorRunnable.waitForNext(DefaultServerMonitor.java:219)
 com.mongodb.connection.DefaultServerMonitor$ServerMonitorRunnable.run(DefaultServerMonitor.java:168)
 java.lang.Thread.run(Thread.java:748)
23-Oct-2018 11:55:10.914 AVERTISSEMENT [localhost-startStop-2] org.apache.catalina.loader.WebappClassLoaderBase.clearReferencesThreads The web application [Contact] appears to have started a thread named [pool-10-thread-1] but has failed to stop it. This is very likely to create a memory leak. Stack trace of thread:
 sun.misc.Unsafe.park(Native Method)
 java.util.concurrent.locks.LockSupport.parkNanos(LockSupport.java:215)
 java.util.concurrent.locks.AbstractQueuedSynchronizer$ConditionObject.awaitNanos(AbstractQueuedSynchronizer.java:2078)
 java.util.concurrent.ScheduledThreadPoolExecutor$DelayedWorkQueue.take(ScheduledThreadPoolExecutor.java:1093)
 java.util.concurrent.ScheduledThreadPoolExecutor$DelayedWorkQueue.take(ScheduledThreadPoolExecutor.java:809)
 java.util.concurrent.ThreadPoolExecutor.getTask(ThreadPoolExecutor.java:1074)
 java.util.concurrent.ThreadPoolExecutor.runWorker(ThreadPoolExecutor.java:1134)
 java.util.concurrent.ThreadPoolExecutor$Worker.run(ThreadPoolExecutor.java:624)
 java.lang.Thread.run(Thread.java:748)
23-Oct-2018 11:55:10.915 AVERTISSEMENT [localhost-startStop-2] org.apache.catalina.loader.WebappClassLoaderBase.clearReferencesThreads The web application [Contact] appears to have started a thread named [cluster-ClusterId{value='5bceee5fc9d00e4b4a7e075e', description='null'}-ds137913.mlab.com:37913] but has failed to stop it. This is very likely to create a memory leak. Stack trace of thread:
 sun.misc.Unsafe.park(Native Method)
 java.util.concurrent.locks.LockSupport.parkNanos(LockSupport.java:215)
 java.util.concurrent.locks.AbstractQueuedSynchronizer$ConditionObject.awaitNanos(AbstractQueuedSynchronizer.java:2078)
 com.mongodb.connection.DefaultServerMonitor$ServerMonitorRunnable.waitForSignalOrTimeout(DefaultServerMonitor.java:238)
 com.mongodb.connection.DefaultServerMonitor$ServerMonitorRunnable.waitForNext(DefaultServerMonitor.java:219)
 com.mongodb.connection.DefaultServerMonitor$ServerMonitorRunnable.run(DefaultServerMonitor.java:168)
 java.lang.Thread.run(Thread.java:748)
23-Oct-2018 11:55:10.915 AVERTISSEMENT [localhost-startStop-2] org.apache.catalina.loader.WebappClassLoaderBase.clearReferencesThreads The web application [Contact] appears to have started a thread named [pool-11-thread-1] but has failed to stop it. This is very likely to create a memory leak. Stack trace of thread:
 sun.misc.Unsafe.park(Native Method)
 java.util.concurrent.locks.LockSupport.parkNanos(LockSupport.java:215)
 java.util.concurrent.locks.AbstractQueuedSynchronizer$ConditionObject.awaitNanos(AbstractQueuedSynchronizer.java:2078)
 java.util.concurrent.ScheduledThreadPoolExecutor$DelayedWorkQueue.take(ScheduledThreadPoolExecutor.java:1093)
 java.util.concurrent.ScheduledThreadPoolExecutor$DelayedWorkQueue.take(ScheduledThreadPoolExecutor.java:809)
 java.util.concurrent.ThreadPoolExecutor.getTask(ThreadPoolExecutor.java:1074)
 java.util.concurrent.ThreadPoolExecutor.runWorker(ThreadPoolExecutor.java:1134)
 java.util.concurrent.ThreadPoolExecutor$Worker.run(ThreadPoolExecutor.java:624)
 java.lang.Thread.run(Thread.java:748)
23-Oct-2018 11:55:10.947 INFOS [main] org.apache.coyote.AbstractProtocol.stop Stopping ProtocolHandler ["http-nio-8080"]
23-Oct-2018 11:55:10.948 INFOS [main] org.apache.coyote.AbstractProtocol.stop Stopping ProtocolHandler ["ajp-nio-8009"]
23-Oct-2018 11:55:10.950 INFOS [main] org.apache.coyote.AbstractProtocol.destroy Destroying ProtocolHandler ["http-nio-8080"]
23-Oct-2018 11:55:10.951 INFOS [main] org.apache.coyote.AbstractProtocol.destroy Destroying ProtocolHandler ["ajp-nio-8009"]
