18-Oct-2018 10:44:12.802 INFOS [main] org.apache.catalina.startup.VersionLoggerListener.log Server version:        Apache Tomcat/8.5.34
18-Oct-2018 10:44:12.804 INFOS [main] org.apache.catalina.startup.VersionLoggerListener.log Server built:          Sep 4 2018 22:28:22 UTC
18-Oct-2018 10:44:12.805 INFOS [main] org.apache.catalina.startup.VersionLoggerListener.log Server number:         8.5.34.0
18-Oct-2018 10:44:12.805 INFOS [main] org.apache.catalina.startup.VersionLoggerListener.log OS Name:               Linux
18-Oct-2018 10:44:12.805 INFOS [main] org.apache.catalina.startup.VersionLoggerListener.log OS Version:            4.9.0-8-amd64
18-Oct-2018 10:44:12.805 INFOS [main] org.apache.catalina.startup.VersionLoggerListener.log Architecture:          amd64
18-Oct-2018 10:44:12.805 INFOS [main] org.apache.catalina.startup.VersionLoggerListener.log Java Home:             /usr/lib/jvm/oracle-java8-jdk-amd64/jre
18-Oct-2018 10:44:12.805 INFOS [main] org.apache.catalina.startup.VersionLoggerListener.log JVM Version:           1.8.0_162-b12
18-Oct-2018 10:44:12.805 INFOS [main] org.apache.catalina.startup.VersionLoggerListener.log JVM Vendor:            Oracle Corporation
18-Oct-2018 10:44:12.805 INFOS [main] org.apache.catalina.startup.VersionLoggerListener.log CATALINA_BASE:         /autofs/netapp/travail/faudoy/Lescours/Master/S9/ProgWeb/TD4/apache-tomcat-8.5.34
18-Oct-2018 10:44:12.805 INFOS [main] org.apache.catalina.startup.VersionLoggerListener.log CATALINA_HOME:         /autofs/netapp/travail/faudoy/Lescours/Master/S9/ProgWeb/TD4/apache-tomcat-8.5.34
18-Oct-2018 10:44:12.805 INFOS [main] org.apache.catalina.startup.VersionLoggerListener.log Command line argument: -Djava.util.logging.config.file=/net/cremi/faudoy/espaces/travail/Lescours/Master/S9/ProgWeb/TD4/apache-tomcat-8.5.34/conf/logging.properties
18-Oct-2018 10:44:12.806 INFOS [main] org.apache.catalina.startup.VersionLoggerListener.log Command line argument: -Djava.util.logging.manager=org.apache.juli.ClassLoaderLogManager
18-Oct-2018 10:44:12.806 INFOS [main] org.apache.catalina.startup.VersionLoggerListener.log Command line argument: -Djdk.tls.ephemeralDHKeySize=2048
18-Oct-2018 10:44:12.806 INFOS [main] org.apache.catalina.startup.VersionLoggerListener.log Command line argument: -Djava.protocol.handler.pkgs=org.apache.catalina.webresources
18-Oct-2018 10:44:12.806 INFOS [main] org.apache.catalina.startup.VersionLoggerListener.log Command line argument: -Dorg.apache.catalina.security.SecurityListener.UMASK=0027
18-Oct-2018 10:44:12.806 INFOS [main] org.apache.catalina.startup.VersionLoggerListener.log Command line argument: -Dignore.endorsed.dirs=
18-Oct-2018 10:44:12.806 INFOS [main] org.apache.catalina.startup.VersionLoggerListener.log Command line argument: -Dcatalina.base=/net/cremi/faudoy/espaces/travail/Lescours/Master/S9/ProgWeb/TD4/apache-tomcat-8.5.34
18-Oct-2018 10:44:12.806 INFOS [main] org.apache.catalina.startup.VersionLoggerListener.log Command line argument: -Dcatalina.home=/net/cremi/faudoy/espaces/travail/Lescours/Master/S9/ProgWeb/TD4/apache-tomcat-8.5.34
18-Oct-2018 10:44:12.806 INFOS [main] org.apache.catalina.startup.VersionLoggerListener.log Command line argument: -Djava.io.tmpdir=/net/cremi/faudoy/espaces/travail/Lescours/Master/S9/ProgWeb/TD4/apache-tomcat-8.5.34/temp
18-Oct-2018 10:44:12.807 INFOS [main] org.apache.catalina.core.AprLifecycleListener.lifecycleEvent The APR based Apache Tomcat Native library which allows optimal performance in production environments was not found on the java.library.path: [/usr/java/packages/lib/amd64:/usr/lib64:/lib64:/lib:/usr/lib]
18-Oct-2018 10:44:12.991 INFOS [main] org.apache.coyote.AbstractProtocol.init Initializing ProtocolHandler ["http-nio-8080"]
18-Oct-2018 10:44:13.003 INFOS [main] org.apache.tomcat.util.net.NioSelectorPool.getSharedSelector Using a shared selector for servlet write/read
18-Oct-2018 10:44:13.010 INFOS [main] org.apache.coyote.AbstractProtocol.init Initializing ProtocolHandler ["ajp-nio-8009"]
18-Oct-2018 10:44:13.012 INFOS [main] org.apache.tomcat.util.net.NioSelectorPool.getSharedSelector Using a shared selector for servlet write/read
18-Oct-2018 10:44:13.012 INFOS [main] org.apache.catalina.startup.Catalina.load Initialization processed in 749 ms
18-Oct-2018 10:44:13.088 INFOS [main] org.apache.catalina.core.StandardService.startInternal Démarrage du service [Catalina]
18-Oct-2018 10:44:13.089 INFOS [main] org.apache.catalina.core.StandardEngine.startInternal Starting Servlet Engine: Apache Tomcat/8.5.34
18-Oct-2018 10:44:13.319 INFOS [localhost-startStop-1] org.apache.catalina.startup.HostConfig.deployWAR Déploiement de l'archive [/autofs/netapp/travail/faudoy/Lescours/Master/S9/ProgWeb/TD4/apache-tomcat-8.5.34/webapps/HelloWorld.war] de l'application web
18-Oct-2018 10:44:13.987 INFOS [localhost-startStop-1] org.apache.catalina.startup.HostConfig.deployWAR Deployment of web application archive [/autofs/netapp/travail/faudoy/Lescours/Master/S9/ProgWeb/TD4/apache-tomcat-8.5.34/webapps/HelloWorld.war] has finished in [666] ms
18-Oct-2018 10:44:14.050 INFOS [localhost-startStop-1] org.apache.catalina.startup.HostConfig.deployWAR Déploiement de l'archive [/autofs/netapp/travail/faudoy/Lescours/Master/S9/ProgWeb/TD4/apache-tomcat-8.5.34/webapps/TP.war] de l'application web
18-Oct-2018 10:44:14.248 INFOS [localhost-startStop-1] org.apache.catalina.startup.HostConfig.deployWAR Deployment of web application archive [/autofs/netapp/travail/faudoy/Lescours/Master/S9/ProgWeb/TD4/apache-tomcat-8.5.34/webapps/TP.war] has finished in [198] ms
18-Oct-2018 10:44:14.249 INFOS [localhost-startStop-1] org.apache.catalina.startup.HostConfig.deployDirectory Déploiement du répertoire [/autofs/netapp/travail/faudoy/Lescours/Master/S9/ProgWeb/TD4/apache-tomcat-8.5.34/webapps/ROOT] de l'application web
18-Oct-2018 10:44:14.327 INFOS [localhost-startStop-1] org.apache.catalina.startup.HostConfig.deployDirectory Deployment of web application directory [/autofs/netapp/travail/faudoy/Lescours/Master/S9/ProgWeb/TD4/apache-tomcat-8.5.34/webapps/ROOT] has finished in [79] ms
18-Oct-2018 10:44:14.328 INFOS [localhost-startStop-1] org.apache.catalina.startup.HostConfig.deployDirectory Déploiement du répertoire [/autofs/netapp/travail/faudoy/Lescours/Master/S9/ProgWeb/TD4/apache-tomcat-8.5.34/webapps/docs] de l'application web
18-Oct-2018 10:44:14.400 INFOS [localhost-startStop-1] org.apache.catalina.startup.HostConfig.deployDirectory Deployment of web application directory [/autofs/netapp/travail/faudoy/Lescours/Master/S9/ProgWeb/TD4/apache-tomcat-8.5.34/webapps/docs] has finished in [71] ms
18-Oct-2018 10:44:14.400 INFOS [localhost-startStop-1] org.apache.catalina.startup.HostConfig.deployDirectory Déploiement du répertoire [/autofs/netapp/travail/faudoy/Lescours/Master/S9/ProgWeb/TD4/apache-tomcat-8.5.34/webapps/examples] de l'application web
18-Oct-2018 10:44:15.923 INFOS [localhost-startStop-1] org.apache.catalina.startup.HostConfig.deployDirectory Deployment of web application directory [/autofs/netapp/travail/faudoy/Lescours/Master/S9/ProgWeb/TD4/apache-tomcat-8.5.34/webapps/examples] has finished in [1 523] ms
18-Oct-2018 10:44:15.923 INFOS [localhost-startStop-1] org.apache.catalina.startup.HostConfig.deployDirectory Déploiement du répertoire [/autofs/netapp/travail/faudoy/Lescours/Master/S9/ProgWeb/TD4/apache-tomcat-8.5.34/webapps/host-manager] de l'application web
18-Oct-2018 10:44:15.998 INFOS [localhost-startStop-1] org.apache.catalina.startup.HostConfig.deployDirectory Deployment of web application directory [/autofs/netapp/travail/faudoy/Lescours/Master/S9/ProgWeb/TD4/apache-tomcat-8.5.34/webapps/host-manager] has finished in [75] ms
18-Oct-2018 10:44:15.999 INFOS [localhost-startStop-1] org.apache.catalina.startup.HostConfig.deployDirectory Déploiement du répertoire [/autofs/netapp/travail/faudoy/Lescours/Master/S9/ProgWeb/TD4/apache-tomcat-8.5.34/webapps/manager] de l'application web
18-Oct-2018 10:44:16.208 INFOS [localhost-startStop-1] org.apache.catalina.startup.HostConfig.deployDirectory Deployment of web application directory [/autofs/netapp/travail/faudoy/Lescours/Master/S9/ProgWeb/TD4/apache-tomcat-8.5.34/webapps/manager] has finished in [210] ms
18-Oct-2018 10:44:16.208 INFOS [localhost-startStop-1] org.apache.catalina.startup.HostConfig.deployDirectory Déploiement du répertoire [/autofs/netapp/travail/faudoy/Lescours/Master/S9/ProgWeb/TD4/apache-tomcat-8.5.34/webapps/bin] de l'application web
18-Oct-2018 10:44:16.258 INFOS [localhost-startStop-1] org.apache.catalina.startup.HostConfig.deployDirectory Deployment of web application directory [/autofs/netapp/travail/faudoy/Lescours/Master/S9/ProgWeb/TD4/apache-tomcat-8.5.34/webapps/bin] has finished in [50] ms
18-Oct-2018 10:44:16.258 INFOS [localhost-startStop-1] org.apache.catalina.startup.HostConfig.deployDirectory Déploiement du répertoire [/autofs/netapp/travail/faudoy/Lescours/Master/S9/ProgWeb/TD4/apache-tomcat-8.5.34/webapps/hello] de l'application web
18-Oct-2018 10:44:16.381 INFOS [localhost-startStop-1] org.apache.catalina.startup.HostConfig.deployDirectory Deployment of web application directory [/autofs/netapp/travail/faudoy/Lescours/Master/S9/ProgWeb/TD4/apache-tomcat-8.5.34/webapps/hello] has finished in [123] ms
18-Oct-2018 10:44:16.382 INFOS [localhost-startStop-1] org.apache.catalina.startup.HostConfig.deployDirectory Déploiement du répertoire [/autofs/netapp/travail/faudoy/Lescours/Master/S9/ProgWeb/TD4/apache-tomcat-8.5.34/webapps/Redirection] de l'application web
18-Oct-2018 10:44:16.506 INFOS [localhost-startStop-1] org.apache.catalina.startup.HostConfig.deployDirectory Deployment of web application directory [/autofs/netapp/travail/faudoy/Lescours/Master/S9/ProgWeb/TD4/apache-tomcat-8.5.34/webapps/Redirection] has finished in [124] ms
18-Oct-2018 10:44:16.511 INFOS [main] org.apache.coyote.AbstractProtocol.start Starting ProtocolHandler ["http-nio-8080"]
18-Oct-2018 10:44:16.517 INFOS [main] org.apache.coyote.AbstractProtocol.start Starting ProtocolHandler ["ajp-nio-8009"]
18-Oct-2018 10:44:16.518 INFOS [main] org.apache.catalina.startup.Catalina.start Server startup in 3505 ms
18-Oct-2018 10:48:21.552 INFOS [main] org.apache.catalina.core.StandardServer.await A valid shutdown command was received via the shutdown port. Stopping the Server instance.
18-Oct-2018 10:48:21.552 INFOS [main] org.apache.coyote.AbstractProtocol.pause Pausing ProtocolHandler ["http-nio-8080"]
18-Oct-2018 10:48:21.604 INFOS [main] org.apache.coyote.AbstractProtocol.pause Pausing ProtocolHandler ["ajp-nio-8009"]
18-Oct-2018 10:48:21.655 INFOS [main] org.apache.catalina.core.StandardService.stopInternal Arrêt du service [Catalina]
18-Oct-2018 10:48:21.770 INFOS [main] org.apache.coyote.AbstractProtocol.stop Stopping ProtocolHandler ["http-nio-8080"]
18-Oct-2018 10:48:21.773 INFOS [main] org.apache.coyote.AbstractProtocol.stop Stopping ProtocolHandler ["ajp-nio-8009"]
18-Oct-2018 10:48:21.775 INFOS [main] org.apache.coyote.AbstractProtocol.destroy Destroying ProtocolHandler ["http-nio-8080"]
18-Oct-2018 10:48:21.776 INFOS [main] org.apache.coyote.AbstractProtocol.destroy Destroying ProtocolHandler ["ajp-nio-8009"]
